{"$message_type":"diagnostic","message":"file not found for module `sequence`","code":{"code":"E0583","explanation":"A file wasn't found for an out-of-line module.\n\nErroneous code example:\n\n```compile_fail,E0583\nmod file_that_doesnt_exist; // error: file not found for module\n\nfn main() {}\n```\n\nPlease be sure that a file corresponding to the module exists. If you\nwant to use a module named `file_that_doesnt_exist`, you need to have a file\nnamed `file_that_doesnt_exist.rs` or `file_that_doesnt_exist/mod.rs` in the\nsame directory.\n"},"level":"error","spans":[{"file_name":"src/modules/seq/mod.rs","byte_start":23,"byte_end":40,"line_start":3,"line_end":3,"column_start":1,"column_end":18,"is_primary":true,"text":[{"text":"pub mod sequence;","highlight_start":1,"highlight_end":18}],"label":null,"suggested_replacement":null,"suggestion_applicability":null,"expansion":null}],"children":[{"message":"to create the module `sequence`, create file \"src/modules/seq/sequence.rs\" or \"src/modules/seq/sequence/mod.rs\"","code":null,"level":"help","spans":[],"children":[],"rendered":null},{"message":"if there is a `mod sequence` elsewhere in the crate already, import it with `use crate::...` instead","code":null,"level":"note","spans":[],"children":[],"rendered":null}],"rendered":"\u001b[0m\u001b[1m\u001b[38;5;9merror[E0583]\u001b[0m\u001b[0m\u001b[1m: file not found for module `sequence`\u001b[0m\n\u001b[0m \u001b[0m\u001b[0m\u001b[1m\u001b[38;5;12m--> \u001b[0m\u001b[0msrc/modules/seq/mod.rs:3:1\u001b[0m\n\u001b[0m  \u001b[0m\u001b[0m\u001b[1m\u001b[38;5;12m|\u001b[0m\n\u001b[0m\u001b[1m\u001b[38;5;12m3\u001b[0m\u001b[0m \u001b[0m\u001b[0m\u001b[1m\u001b[38;5;12m|\u001b[0m\u001b[0m \u001b[0m\u001b[0mpub mod sequence;\u001b[0m\n\u001b[0m  \u001b[0m\u001b[0m\u001b[1m\u001b[38;5;12m|\u001b[0m\u001b[0m \u001b[0m\u001b[0m\u001b[1m\u001b[38;5;9m^^^^^^^^^^^^^^^^^\u001b[0m\n\u001b[0m  \u001b[0m\u001b[0m\u001b[1m\u001b[38;5;12m|\u001b[0m\n\u001b[0m  \u001b[0m\u001b[0m\u001b[1m\u001b[38;5;12m= \u001b[0m\u001b[0m\u001b[1mhelp\u001b[0m\u001b[0m: to create the module `sequence`, create file \"src/modules/seq/sequence.rs\" or \"src/modules/seq/sequence/mod.rs\"\u001b[0m\n\u001b[0m  \u001b[0m\u001b[0m\u001b[1m\u001b[38;5;12m= \u001b[0m\u001b[0m\u001b[1mnote\u001b[0m\u001b[0m: if there is a `mod sequence` elsewhere in the crate already, import it with `use crate::...` instead\u001b[0m\n\n"}
{"$message_type":"diagnostic","message":"cannot find function `io_module` in module `io`","code":{"code":"E0425","explanation":"An unresolved name was used.\n\nErroneous code examples:\n\n```compile_fail,E0425\nsomething_that_doesnt_exist::foo;\n// error: unresolved name `something_that_doesnt_exist::foo`\n\n// or:\n\ntrait Foo {\n    fn bar() {\n        Self; // error: unresolved name `Self`\n    }\n}\n\n// or:\n\nlet x = unknown_variable;  // error: unresolved name `unknown_variable`\n```\n\nPlease verify that the name wasn't misspelled and ensure that the\nidentifier being referred to is valid for the given situation. Example:\n\n```\nenum something_that_does_exist {\n    Foo,\n}\n```\n\nOr:\n\n```\nmod something_that_does_exist {\n    pub static foo : i32 = 0i32;\n}\n\nsomething_that_does_exist::foo; // ok!\n```\n\nOr:\n\n```\nlet unknown_variable = 12u32;\nlet x = unknown_variable; // ok!\n```\n\nIf the item is not defined in the current module, it must be imported using a\n`use` statement, like so:\n\n```\n# mod foo { pub fn bar() {} }\n# fn main() {\nuse foo::bar;\nbar();\n# }\n```\n\nIf the item you are importing is not defined in some super-module of the\ncurrent module, then it must also be declared as public (e.g., `pub fn`).\n"},"level":"error","spans":[{"file_name":"src/modules/mod.rs","byte_start":228,"byte_end":237,"line_start":10,"line_end":10,"column_start":25,"column_end":34,"is_primary":true,"text":[{"text":"    m.add_submodule(io::io_module(_py)?)?;","highlight_start":25,"highlight_end":34}],"label":"not found in `io`","suggested_replacement":null,"suggestion_applicability":null,"expansion":null}],"children":[],"rendered":"\u001b[0m\u001b[1m\u001b[38;5;9merror[E0425]\u001b[0m\u001b[0m\u001b[1m: cannot find function `io_module` in module `io`\u001b[0m\n\u001b[0m  \u001b[0m\u001b[0m\u001b[1m\u001b[38;5;12m--> \u001b[0m\u001b[0msrc/modules/mod.rs:10:25\u001b[0m\n\u001b[0m   \u001b[0m\u001b[0m\u001b[1m\u001b[38;5;12m|\u001b[0m\n\u001b[0m\u001b[1m\u001b[38;5;12m10\u001b[0m\u001b[0m \u001b[0m\u001b[0m\u001b[1m\u001b[38;5;12m|\u001b[0m\u001b[0m \u001b[0m\u001b[0m    m.add_submodule(io::io_module(_py)?)?;\u001b[0m\n\u001b[0m   \u001b[0m\u001b[0m\u001b[1m\u001b[38;5;12m|\u001b[0m\u001b[0m                         \u001b[0m\u001b[0m\u001b[1m\u001b[38;5;9m^^^^^^^^^\u001b[0m\u001b[0m \u001b[0m\u001b[0m\u001b[1m\u001b[38;5;9mnot found in `io`\u001b[0m\n\n"}
{"$message_type":"diagnostic","message":"unused import: `std::borrow::Cow`","code":{"code":"unused_imports","explanation":null},"level":"warning","spans":[{"file_name":"src/engines/core/memory.rs","byte_start":50,"byte_end":66,"line_start":3,"line_end":3,"column_start":5,"column_end":21,"is_primary":true,"text":[{"text":"use std::borrow::Cow;","highlight_start":5,"highlight_end":21}],"label":null,"suggested_replacement":null,"suggestion_applicability":null,"expansion":null}],"children":[{"message":"`#[warn(unused_imports)]` on by default","code":null,"level":"note","spans":[],"children":[],"rendered":null},{"message":"remove the whole `use` item","code":null,"level":"help","spans":[{"file_name":"src/engines/core/memory.rs","byte_start":46,"byte_end":68,"line_start":3,"line_end":4,"column_start":1,"column_end":1,"is_primary":true,"text":[{"text":"use std::borrow::Cow;","highlight_start":1,"highlight_end":22},{"text":"use std::fs::File;","highlight_start":1,"highlight_end":1}],"label":null,"suggested_replacement":"","suggestion_applicability":"MachineApplicable","expansion":null}],"children":[],"rendered":null}],"rendered":"\u001b[0m\u001b[1m\u001b[33mwarning\u001b[0m\u001b[0m\u001b[1m: unused import: `std::borrow::Cow`\u001b[0m\n\u001b[0m \u001b[0m\u001b[0m\u001b[1m\u001b[38;5;12m--> \u001b[0m\u001b[0msrc/engines/core/memory.rs:3:5\u001b[0m\n\u001b[0m  \u001b[0m\u001b[0m\u001b[1m\u001b[38;5;12m|\u001b[0m\n\u001b[0m\u001b[1m\u001b[38;5;12m3\u001b[0m\u001b[0m \u001b[0m\u001b[0m\u001b[1m\u001b[38;5;12m|\u001b[0m\u001b[0m \u001b[0m\u001b[0muse std::borrow::Cow;\u001b[0m\n\u001b[0m  \u001b[0m\u001b[0m\u001b[1m\u001b[38;5;12m|\u001b[0m\u001b[0m     \u001b[0m\u001b[0m\u001b[1m\u001b[33m^^^^^^^^^^^^^^^^\u001b[0m\n\u001b[0m  \u001b[0m\u001b[0m\u001b[1m\u001b[38;5;12m|\u001b[0m\n\u001b[0m  \u001b[0m\u001b[0m\u001b[1m\u001b[38;5;12m= \u001b[0m\u001b[0m\u001b[1mnote\u001b[0m\u001b[0m: `#[warn(unused_imports)]` on by default\u001b[0m\n\n"}
{"$message_type":"diagnostic","message":"unused imports: `Read` and `Seek`","code":{"code":"unused_imports","explanation":null},"level":"warning","spans":[{"file_name":"src/engines/core/memory.rs","byte_start":107,"byte_end":111,"line_start":5,"line_end":5,"column_start":21,"column_end":25,"is_primary":true,"text":[{"text":"use std::io::{self, Read, Seek};","highlight_start":21,"highlight_end":25}],"label":null,"suggested_replacement":null,"suggestion_applicability":null,"expansion":null},{"file_name":"src/engines/core/memory.rs","byte_start":113,"byte_end":117,"line_start":5,"line_end":5,"column_start":27,"column_end":31,"is_primary":true,"text":[{"text":"use std::io::{self, Read, Seek};","highlight_start":27,"highlight_end":31}],"label":null,"suggested_replacement":null,"suggestion_applicability":null,"expansion":null}],"children":[{"message":"remove the unused imports","code":null,"level":"help","spans":[{"file_name":"src/engines/core/memory.rs","byte_start":105,"byte_end":117,"line_start":5,"line_end":5,"column_start":19,"column_end":31,"is_primary":true,"text":[{"text":"use std::io::{self, Read, Seek};","highlight_start":19,"highlight_end":31}],"label":null,"suggested_replacement":"","suggestion_applicability":"MachineApplicable","expansion":null}],"children":[],"rendered":null}],"rendered":"\u001b[0m\u001b[1m\u001b[33mwarning\u001b[0m\u001b[0m\u001b[1m: unused imports: `Read` and `Seek`\u001b[0m\n\u001b[0m \u001b[0m\u001b[0m\u001b[1m\u001b[38;5;12m--> \u001b[0m\u001b[0msrc/engines/core/memory.rs:5:21\u001b[0m\n\u001b[0m  \u001b[0m\u001b[0m\u001b[1m\u001b[38;5;12m|\u001b[0m\n\u001b[0m\u001b[1m\u001b[38;5;12m5\u001b[0m\u001b[0m \u001b[0m\u001b[0m\u001b[1m\u001b[38;5;12m|\u001b[0m\u001b[0m \u001b[0m\u001b[0muse std::io::{self, Read, Seek};\u001b[0m\n\u001b[0m  \u001b[0m\u001b[0m\u001b[1m\u001b[38;5;12m|\u001b[0m\u001b[0m                     \u001b[0m\u001b[0m\u001b[1m\u001b[33m^^^^\u001b[0m\u001b[0m  \u001b[0m\u001b[0m\u001b[1m\u001b[33m^^^^\u001b[0m\n\n"}
{"$message_type":"diagnostic","message":"mismatched types","code":{"code":"E0308","explanation":"Expected type did not match the received type.\n\nErroneous code examples:\n\n```compile_fail,E0308\nfn plus_one(x: i32) -> i32 {\n    x + 1\n}\n\nplus_one(\"Not a number\");\n//       ^^^^^^^^^^^^^^ expected `i32`, found `&str`\n\nif \"Not a bool\" {\n// ^^^^^^^^^^^^ expected `bool`, found `&str`\n}\n\nlet x: f32 = \"Not a float\";\n//     ---   ^^^^^^^^^^^^^ expected `f32`, found `&str`\n//     |\n//     expected due to this\n```\n\nThis error occurs when an expression was used in a place where the compiler\nexpected an expression of a different type. It can occur in several cases, the\nmost common being when calling a function and passing an argument which has a\ndifferent type than the matching type in the function declaration.\n"},"level":"error","spans":[{"file_name":"src/engines/core/mod.rs","byte_start":126,"byte_end":137,"line_start":10,"line_end":10,"column_start":8,"column_end":19,"is_primary":true,"text":[{"text":"pub fn core_module(_py: Python) -> PyResult<&PyModule> {","highlight_start":8,"highlight_end":19}],"label":"incorrect number of function parameters","suggested_replacement":null,"suggestion_applicability":null,"expansion":null},{"file_name":"src/engines/core/mod.rs","byte_start":107,"byte_end":118,"line_start":9,"line_end":9,"column_start":1,"column_end":12,"is_primary":false,"text":[{"text":"#[pymodule]","highlight_start":1,"highlight_end":12}],"label":"arguments to this struct are incorrect","suggested_replacement":null,"suggestion_applicability":null,"expansion":{"span":{"file_name":"src/engines/core/mod.rs","byte_start":107,"byte_end":118,"line_start":9,"line_end":9,"column_start":1,"column_end":12,"is_primary":false,"text":[{"text":"#[pymodule]","highlight_start":1,"highlight_end":12}],"label":null,"suggested_replacement":null,"suggestion_applicability":null,"expansion":null},"macro_decl_name":"#[pymodule]","def_site_span":{"file_name":"/Users/xlx/.cargo/registry/src/index.crates.io-1949cf8c6b5b557f/pyo3-macros-0.18.3/src/lib.rs","byte_start":1784,"byte_end":1853,"line_start":40,"line_end":40,"column_start":1,"column_end":70,"is_primary":false,"text":[{"text":"pub fn pymodule(args: TokenStream, input: TokenStream) -> TokenStream {","highlight_start":1,"highlight_end":70}],"label":null,"suggested_replacement":null,"suggestion_applicability":null,"expansion":null}}}],"children":[{"message":"expected fn pointer `for<'a, 'py> fn(pyo3::Python<'py>, &'a pyo3::prelude::PyModule) -> Result<(), _>`\n      found fn item `for<'a> fn(pyo3::Python<'a>) -> Result<&'a pyo3::prelude::PyModule, _> {core_module}`","code":null,"level":"note","spans":[],"children":[],"rendered":null},{"message":"tuple struct defined here","code":null,"level":"note","spans":[{"file_name":"/Users/xlx/.cargo/registry/src/index.crates.io-1949cf8c6b5b557f/pyo3-0.18.3/src/impl_/pymodule.rs","byte_start":597,"byte_end":614,"line_start":19,"line_end":19,"column_start":12,"column_end":29,"is_primary":true,"text":[{"text":"pub struct ModuleInitializer(pub for<'py> fn(Python<'py>, &PyModule) -> PyResult<()>);","highlight_start":12,"highlight_end":29}],"label":null,"suggested_replacement":null,"suggestion_applicability":null,"expansion":null}],"children":[],"rendered":null}],"rendered":"\u001b[0m\u001b[1m\u001b[38;5;9merror[E0308]\u001b[0m\u001b[0m\u001b[1m: mismatched types\u001b[0m\n\u001b[0m  \u001b[0m\u001b[0m\u001b[1m\u001b[38;5;12m--> \u001b[0m\u001b[0msrc/engines/core/mod.rs:10:8\u001b[0m\n\u001b[0m   \u001b[0m\u001b[0m\u001b[1m\u001b[38;5;12m|\u001b[0m\n\u001b[0m\u001b[1m\u001b[38;5;12m9\u001b[0m\u001b[0m  \u001b[0m\u001b[0m\u001b[1m\u001b[38;5;12m|\u001b[0m\u001b[0m \u001b[0m\u001b[0m#[pymodule]\u001b[0m\n\u001b[0m   \u001b[0m\u001b[0m\u001b[1m\u001b[38;5;12m|\u001b[0m\u001b[0m \u001b[0m\u001b[0m\u001b[1m\u001b[38;5;12m-----------\u001b[0m\u001b[0m \u001b[0m\u001b[0m\u001b[1m\u001b[38;5;12marguments to this struct are incorrect\u001b[0m\n\u001b[0m\u001b[1m\u001b[38;5;12m10\u001b[0m\u001b[0m \u001b[0m\u001b[0m\u001b[1m\u001b[38;5;12m|\u001b[0m\u001b[0m \u001b[0m\u001b[0mpub fn core_module(_py: Python) -> PyResult<&PyModule> {\u001b[0m\n\u001b[0m   \u001b[0m\u001b[0m\u001b[1m\u001b[38;5;12m|\u001b[0m\u001b[0m        \u001b[0m\u001b[0m\u001b[1m\u001b[38;5;9m^^^^^^^^^^^\u001b[0m\u001b[0m \u001b[0m\u001b[0m\u001b[1m\u001b[38;5;9mincorrect number of function parameters\u001b[0m\n\u001b[0m   \u001b[0m\u001b[0m\u001b[1m\u001b[38;5;12m|\u001b[0m\n\u001b[0m   \u001b[0m\u001b[0m\u001b[1m\u001b[38;5;12m= \u001b[0m\u001b[0m\u001b[1mnote\u001b[0m\u001b[0m: expected fn pointer `\u001b[0m\u001b[0m\u001b[1m\u001b[35mfor<'a, 'py> \u001b[0m\u001b[0mfn(\u001b[0m\u001b[0m\u001b[1m\u001b[35mpyo3::Python<'py>, &'a pyo3::prelude::PyModule\u001b[0m\u001b[0m) -> Result<\u001b[0m\u001b[0m\u001b[1m\u001b[35m()\u001b[0m\u001b[0m, _>`\u001b[0m\n\u001b[0m                 found fn item `\u001b[0m\u001b[0m\u001b[1m\u001b[35mfor<'a> \u001b[0m\u001b[0mfn(\u001b[0m\u001b[0m\u001b[1m\u001b[35mpyo3::Python<'a>\u001b[0m\u001b[0m) -> Result<\u001b[0m\u001b[0m\u001b[1m\u001b[35m&'a pyo3::prelude::PyModule\u001b[0m\u001b[0m, _>\u001b[0m\u001b[0m\u001b[1m\u001b[35m {core_module}\u001b[0m\u001b[0m`\u001b[0m\n\u001b[0m\u001b[1m\u001b[38;5;10mnote\u001b[0m\u001b[0m: tuple struct defined here\u001b[0m\n\u001b[0m  \u001b[0m\u001b[0m\u001b[1m\u001b[38;5;12m--> \u001b[0m\u001b[0m/Users/xlx/.cargo/registry/src/index.crates.io-1949cf8c6b5b557f/pyo3-0.18.3/src/impl_/pymodule.rs:19:12\u001b[0m\n\u001b[0m   \u001b[0m\u001b[0m\u001b[1m\u001b[38;5;12m|\u001b[0m\n\u001b[0m\u001b[1m\u001b[38;5;12m19\u001b[0m\u001b[0m \u001b[0m\u001b[0m\u001b[1m\u001b[38;5;12m|\u001b[0m\u001b[0m \u001b[0m\u001b[0mpub struct ModuleInitializer(pub for<'py> fn(Python<'py>, &PyModule) -> \u001b[0m\u001b[0m\u001b[1m\u001b[38;5;12m...\u001b[0m\n\u001b[0m   \u001b[0m\u001b[0m\u001b[1m\u001b[38;5;12m|\u001b[0m\u001b[0m            \u001b[0m\u001b[0m\u001b[1m\u001b[38;5;10m^^^^^^^^^^^^^^^^^\u001b[0m\n\n"}
{"$message_type":"diagnostic","message":"`(dyn SequenceStorage + 'static)` cannot be sent between threads safely","code":{"code":"E0277","explanation":"You tried to use a type which doesn't implement some trait in a place which\nexpected that trait.\n\nErroneous code example:\n\n```compile_fail,E0277\n// here we declare the Foo trait with a bar method\ntrait Foo {\n    fn bar(&self);\n}\n\n// we now declare a function which takes an object implementing the Foo trait\nfn some_func<T: Foo>(foo: T) {\n    foo.bar();\n}\n\nfn main() {\n    // we now call the method with the i32 type, which doesn't implement\n    // the Foo trait\n    some_func(5i32); // error: the trait bound `i32 : Foo` is not satisfied\n}\n```\n\nIn order to fix this error, verify that the type you're using does implement\nthe trait. Example:\n\n```\ntrait Foo {\n    fn bar(&self);\n}\n\n// we implement the trait on the i32 type\nimpl Foo for i32 {\n    fn bar(&self) {}\n}\n\nfn some_func<T: Foo>(foo: T) {\n    foo.bar(); // we can now use this method since i32 implements the\n               // Foo trait\n}\n\nfn main() {\n    some_func(5i32); // ok!\n}\n```\n\nOr in a generic context, an erroneous code example would look like:\n\n```compile_fail,E0277\nfn some_func<T>(foo: T) {\n    println!(\"{:?}\", foo); // error: the trait `core::fmt::Debug` is not\n                           //        implemented for the type `T`\n}\n\nfn main() {\n    // We now call the method with the i32 type,\n    // which *does* implement the Debug trait.\n    some_func(5i32);\n}\n```\n\nNote that the error here is in the definition of the generic function. Although\nwe only call it with a parameter that does implement `Debug`, the compiler\nstill rejects the function. It must work with all possible input types. In\norder to make this example compile, we need to restrict the generic type we're\naccepting:\n\n```\nuse std::fmt;\n\n// Restrict the input type to types that implement Debug.\nfn some_func<T: fmt::Debug>(foo: T) {\n    println!(\"{:?}\", foo);\n}\n\nfn main() {\n    // Calling the method is still fine, as i32 implements Debug.\n    some_func(5i32);\n\n    // This would fail to compile now:\n    // struct WithoutDebug;\n    // some_func(WithoutDebug);\n}\n```\n\nRust only looks at the signature of the called function, as such it must\nalready specify all requirements that will be used for every type parameter.\n"},"level":"error","spans":[{"file_name":"src/engines/core/memory.rs","byte_start":20268,"byte_end":20278,"line_start":645,"line_end":645,"column_start":1,"column_end":11,"is_primary":true,"text":[{"text":"#[pyclass]","highlight_start":1,"highlight_end":11}],"label":"`(dyn SequenceStorage + 'static)` cannot be sent between threads safely","suggested_replacement":null,"suggestion_applicability":null,"expansion":{"span":{"file_name":"src/engines/core/memory.rs","byte_start":20268,"byte_end":20278,"line_start":645,"line_end":645,"column_start":1,"column_end":11,"is_primary":false,"text":[{"text":"#[pyclass]","highlight_start":1,"highlight_end":11}],"label":null,"suggested_replacement":null,"suggestion_applicability":null,"expansion":null},"macro_decl_name":"#[pyclass]","def_site_span":{"file_name":"/Users/xlx/.cargo/registry/src/index.crates.io-1949cf8c6b5b557f/pyo3-macros-0.18.3/src/lib.rs","byte_start":2456,"byte_end":2524,"line_start":65,"line_end":65,"column_start":1,"column_end":69,"is_primary":false,"text":[{"text":"pub fn pyclass(attr: TokenStream, input: TokenStream) -> TokenStream {","highlight_start":1,"highlight_end":69}],"label":null,"suggested_replacement":null,"suggestion_applicability":null,"expansion":null}}}],"children":[{"message":"the trait `Send` is not implemented for `(dyn SequenceStorage + 'static)`","code":null,"level":"help","spans":[],"children":[],"rendered":null},{"message":"the following other types implement trait `pyo3::impl_::pyclass::PyClassThreadChecker<T>`:\n  ThreadCheckerStub<T>\n  ThreadCheckerStub<pyo3::Py<PyAny>>","code":null,"level":"help","spans":[],"children":[],"rendered":null},{"message":"required for `Unique<(dyn SequenceStorage + 'static)>` to implement `Send`","code":null,"level":"note","spans":[],"children":[],"rendered":null},{"message":"required because it appears within the type `Box<(dyn SequenceStorage + 'static)>`","code":null,"level":"note","spans":[{"file_name":"/rustc/4d91de4e48198da2e33413efdcd9cd2cc0c46688/library/alloc/src/boxed.rs","byte_start":8946,"byte_end":8949,"line_start":231,"line_end":231,"column_start":12,"column_end":15,"is_primary":true,"text":[],"label":null,"suggested_replacement":null,"suggestion_applicability":null,"expansion":null}],"children":[],"rendered":null},{"message":"required because it appears within the type `PySequenceStorage`","code":null,"level":"note","spans":[{"file_name":"src/engines/core/memory.rs","byte_start":20307,"byte_end":20324,"line_start":647,"line_end":647,"column_start":12,"column_end":29,"is_primary":true,"text":[{"text":"pub struct PySequenceStorage {","highlight_start":12,"highlight_end":29}],"label":null,"suggested_replacement":null,"suggestion_applicability":null,"expansion":null}],"children":[],"rendered":null},{"message":"required for `ThreadCheckerStub<PySequenceStorage>` to implement `pyo3::impl_::pyclass::PyClassThreadChecker<PySequenceStorage>`","code":null,"level":"note","spans":[],"children":[],"rendered":null},{"message":"required by a bound in `PyClassImpl::ThreadChecker`","code":null,"level":"note","spans":[{"file_name":"/Users/xlx/.cargo/registry/src/index.crates.io-1949cf8c6b5b557f/pyo3-0.18.3/src/impl_/pyclass.rs","byte_start":5410,"byte_end":5436,"line_start":182,"line_end":182,"column_start":25,"column_end":51,"is_primary":true,"text":[{"text":"    type ThreadChecker: PyClassThreadChecker<Self>;","highlight_start":25,"highlight_end":51}],"label":"required by this bound in `PyClassImpl::ThreadChecker`","suggested_replacement":null,"suggestion_applicability":null,"expansion":null}],"children":[],"rendered":null}],"rendered":"\u001b[0m\u001b[1m\u001b[38;5;9merror[E0277]\u001b[0m\u001b[0m\u001b[1m: `(dyn SequenceStorage + 'static)` cannot be sent between threads safely\u001b[0m\n\u001b[0m   \u001b[0m\u001b[0m\u001b[1m\u001b[38;5;12m--> \u001b[0m\u001b[0msrc/engines/core/memory.rs:645:1\u001b[0m\n\u001b[0m    \u001b[0m\u001b[0m\u001b[1m\u001b[38;5;12m|\u001b[0m\n\u001b[0m\u001b[1m\u001b[38;5;12m645\u001b[0m\u001b[0m \u001b[0m\u001b[0m\u001b[1m\u001b[38;5;12m|\u001b[0m\u001b[0m \u001b[0m\u001b[0m#[pyclass]\u001b[0m\n\u001b[0m    \u001b[0m\u001b[0m\u001b[1m\u001b[38;5;12m|\u001b[0m\u001b[0m \u001b[0m\u001b[0m\u001b[1m\u001b[38;5;9m^^^^^^^^^^\u001b[0m\u001b[0m \u001b[0m\u001b[0m\u001b[1m\u001b[38;5;9m`(dyn SequenceStorage + 'static)` cannot be sent between threads safely\u001b[0m\n\u001b[0m    \u001b[0m\u001b[0m\u001b[1m\u001b[38;5;12m|\u001b[0m\n\u001b[0m    \u001b[0m\u001b[0m\u001b[1m\u001b[38;5;12m= \u001b[0m\u001b[0m\u001b[1mhelp\u001b[0m\u001b[0m: the trait `Send` is not implemented for `(dyn SequenceStorage + 'static)`\u001b[0m\n\u001b[0m    \u001b[0m\u001b[0m\u001b[1m\u001b[38;5;12m= \u001b[0m\u001b[0m\u001b[1mhelp\u001b[0m\u001b[0m: the following other types implement trait `pyo3::impl_::pyclass::PyClassThreadChecker<T>`:\u001b[0m\n\u001b[0m              ThreadCheckerStub<T>\u001b[0m\n\u001b[0m              ThreadCheckerStub<pyo3::Py<PyAny>>\u001b[0m\n\u001b[0m    \u001b[0m\u001b[0m\u001b[1m\u001b[38;5;12m= \u001b[0m\u001b[0m\u001b[1mnote\u001b[0m\u001b[0m: required for `Unique<(dyn SequenceStorage + 'static)>` to implement `Send`\u001b[0m\n\u001b[0m\u001b[1m\u001b[38;5;10mnote\u001b[0m\u001b[0m: required because it appears within the type `Box<(dyn SequenceStorage + 'static)>`\u001b[0m\n\u001b[0m   \u001b[0m\u001b[0m\u001b[1m\u001b[38;5;12m--> \u001b[0m\u001b[0m/rustc/4d91de4e48198da2e33413efdcd9cd2cc0c46688/library/alloc/src/boxed.rs:231:12\u001b[0m\n\u001b[0m\u001b[1m\u001b[38;5;10mnote\u001b[0m\u001b[0m: required because it appears within the type `PySequenceStorage`\u001b[0m\n\u001b[0m   \u001b[0m\u001b[0m\u001b[1m\u001b[38;5;12m--> \u001b[0m\u001b[0msrc/engines/core/memory.rs:647:12\u001b[0m\n\u001b[0m    \u001b[0m\u001b[0m\u001b[1m\u001b[38;5;12m|\u001b[0m\n\u001b[0m\u001b[1m\u001b[38;5;12m647\u001b[0m\u001b[0m \u001b[0m\u001b[0m\u001b[1m\u001b[38;5;12m|\u001b[0m\u001b[0m \u001b[0m\u001b[0mpub struct PySequenceStorage {\u001b[0m\n\u001b[0m    \u001b[0m\u001b[0m\u001b[1m\u001b[38;5;12m|\u001b[0m\u001b[0m            \u001b[0m\u001b[0m\u001b[1m\u001b[38;5;10m^^^^^^^^^^^^^^^^^\u001b[0m\n\u001b[0m    \u001b[0m\u001b[0m\u001b[1m\u001b[38;5;12m= \u001b[0m\u001b[0m\u001b[1mnote\u001b[0m\u001b[0m: required for `ThreadCheckerStub<PySequenceStorage>` to implement `pyo3::impl_::pyclass::PyClassThreadChecker<PySequenceStorage>`\u001b[0m\n\u001b[0m\u001b[1m\u001b[38;5;10mnote\u001b[0m\u001b[0m: required by a bound in `PyClassImpl::ThreadChecker`\u001b[0m\n\u001b[0m   \u001b[0m\u001b[0m\u001b[1m\u001b[38;5;12m--> \u001b[0m\u001b[0m/Users/xlx/.cargo/registry/src/index.crates.io-1949cf8c6b5b557f/pyo3-0.18.3/src/impl_/pyclass.rs:182:25\u001b[0m\n\u001b[0m    \u001b[0m\u001b[0m\u001b[1m\u001b[38;5;12m|\u001b[0m\n\u001b[0m\u001b[1m\u001b[38;5;12m182\u001b[0m\u001b[0m \u001b[0m\u001b[0m\u001b[1m\u001b[38;5;12m|\u001b[0m\u001b[0m \u001b[0m\u001b[0m    type ThreadChecker: PyClassThreadChecker<Self>;\u001b[0m\n\u001b[0m    \u001b[0m\u001b[0m\u001b[1m\u001b[38;5;12m|\u001b[0m\u001b[0m                         \u001b[0m\u001b[0m\u001b[1m\u001b[38;5;10m^^^^^^^^^^^^^^^^^^^^^^^^^^\u001b[0m\u001b[0m \u001b[0m\u001b[0m\u001b[1m\u001b[38;5;10mrequired by this bound in `PyClassImpl::ThreadChecker`\u001b[0m\n\u001b[0m    \u001b[0m\u001b[0m\u001b[1m\u001b[38;5;12m= \u001b[0m\u001b[0m\u001b[1mnote\u001b[0m\u001b[0m: this error originates in the attribute macro `pyclass` (in Nightly builds, run with -Z macro-backtrace for more info)\u001b[0m\n\n"}
{"$message_type":"diagnostic","message":"`(dyn SequenceStorage + 'static)` cannot be sent between threads safely","code":{"code":"E0277","explanation":"You tried to use a type which doesn't implement some trait in a place which\nexpected that trait.\n\nErroneous code example:\n\n```compile_fail,E0277\n// here we declare the Foo trait with a bar method\ntrait Foo {\n    fn bar(&self);\n}\n\n// we now declare a function which takes an object implementing the Foo trait\nfn some_func<T: Foo>(foo: T) {\n    foo.bar();\n}\n\nfn main() {\n    // we now call the method with the i32 type, which doesn't implement\n    // the Foo trait\n    some_func(5i32); // error: the trait bound `i32 : Foo` is not satisfied\n}\n```\n\nIn order to fix this error, verify that the type you're using does implement\nthe trait. Example:\n\n```\ntrait Foo {\n    fn bar(&self);\n}\n\n// we implement the trait on the i32 type\nimpl Foo for i32 {\n    fn bar(&self) {}\n}\n\nfn some_func<T: Foo>(foo: T) {\n    foo.bar(); // we can now use this method since i32 implements the\n               // Foo trait\n}\n\nfn main() {\n    some_func(5i32); // ok!\n}\n```\n\nOr in a generic context, an erroneous code example would look like:\n\n```compile_fail,E0277\nfn some_func<T>(foo: T) {\n    println!(\"{:?}\", foo); // error: the trait `core::fmt::Debug` is not\n                           //        implemented for the type `T`\n}\n\nfn main() {\n    // We now call the method with the i32 type,\n    // which *does* implement the Debug trait.\n    some_func(5i32);\n}\n```\n\nNote that the error here is in the definition of the generic function. Although\nwe only call it with a parameter that does implement `Debug`, the compiler\nstill rejects the function. It must work with all possible input types. In\norder to make this example compile, we need to restrict the generic type we're\naccepting:\n\n```\nuse std::fmt;\n\n// Restrict the input type to types that implement Debug.\nfn some_func<T: fmt::Debug>(foo: T) {\n    println!(\"{:?}\", foo);\n}\n\nfn main() {\n    // Calling the method is still fine, as i32 implements Debug.\n    some_func(5i32);\n\n    // This would fail to compile now:\n    // struct WithoutDebug;\n    // some_func(WithoutDebug);\n}\n```\n\nRust only looks at the signature of the called function, as such it must\nalready specify all requirements that will be used for every type parameter.\n"},"level":"error","spans":[{"file_name":"src/engines/core/memory.rs","byte_start":20268,"byte_end":20278,"line_start":645,"line_end":645,"column_start":1,"column_end":11,"is_primary":true,"text":[{"text":"#[pyclass]","highlight_start":1,"highlight_end":11}],"label":"`(dyn SequenceStorage + 'static)` cannot be sent between threads safely","suggested_replacement":null,"suggestion_applicability":null,"expansion":{"span":{"file_name":"src/engines/core/memory.rs","byte_start":20268,"byte_end":20278,"line_start":645,"line_end":645,"column_start":1,"column_end":11,"is_primary":false,"text":[{"text":"#[pyclass]","highlight_start":1,"highlight_end":11}],"label":null,"suggested_replacement":null,"suggestion_applicability":null,"expansion":null},"macro_decl_name":"#[pyclass]","def_site_span":{"file_name":"/Users/xlx/.cargo/registry/src/index.crates.io-1949cf8c6b5b557f/pyo3-macros-0.18.3/src/lib.rs","byte_start":2456,"byte_end":2524,"line_start":65,"line_end":65,"column_start":1,"column_end":69,"is_primary":false,"text":[{"text":"pub fn pyclass(attr: TokenStream, input: TokenStream) -> TokenStream {","highlight_start":1,"highlight_end":69}],"label":null,"suggested_replacement":null,"suggestion_applicability":null,"expansion":null}}}],"children":[{"message":"the trait `Send` is not implemented for `(dyn SequenceStorage + 'static)`","code":null,"level":"help","spans":[],"children":[],"rendered":null},{"message":"required for `Unique<(dyn SequenceStorage + 'static)>` to implement `Send`","code":null,"level":"note","spans":[],"children":[],"rendered":null},{"message":"required because it appears within the type `Box<(dyn SequenceStorage + 'static)>`","code":null,"level":"note","spans":[{"file_name":"/rustc/4d91de4e48198da2e33413efdcd9cd2cc0c46688/library/alloc/src/boxed.rs","byte_start":8946,"byte_end":8949,"line_start":231,"line_end":231,"column_start":12,"column_end":15,"is_primary":true,"text":[],"label":null,"suggested_replacement":null,"suggestion_applicability":null,"expansion":null}],"children":[],"rendered":null},{"message":"required because it appears within the type `PySequenceStorage`","code":null,"level":"note","spans":[{"file_name":"src/engines/core/memory.rs","byte_start":20307,"byte_end":20324,"line_start":647,"line_end":647,"column_start":12,"column_end":29,"is_primary":true,"text":[{"text":"pub struct PySequenceStorage {","highlight_start":12,"highlight_end":29}],"label":null,"suggested_replacement":null,"suggestion_applicability":null,"expansion":null}],"children":[],"rendered":null},{"message":"required by a bound in `ThreadCheckerStub`","code":null,"level":"note","spans":[{"file_name":"/Users/xlx/.cargo/registry/src/index.crates.io-1949cf8c6b5b557f/pyo3-0.18.3/src/impl_/pyclass.rs","byte_start":25192,"byte_end":25196,"line_start":854,"line_end":854,"column_start":33,"column_end":37,"is_primary":true,"text":[{"text":"pub struct ThreadCheckerStub<T: Send>(PhantomData<T>);","highlight_start":33,"highlight_end":37}],"label":"required by this bound in `ThreadCheckerStub`","suggested_replacement":null,"suggestion_applicability":null,"expansion":null}],"children":[],"rendered":null}],"rendered":"\u001b[0m\u001b[1m\u001b[38;5;9merror[E0277]\u001b[0m\u001b[0m\u001b[1m: `(dyn SequenceStorage + 'static)` cannot be sent between threads safely\u001b[0m\n\u001b[0m   \u001b[0m\u001b[0m\u001b[1m\u001b[38;5;12m--> \u001b[0m\u001b[0msrc/engines/core/memory.rs:645:1\u001b[0m\n\u001b[0m    \u001b[0m\u001b[0m\u001b[1m\u001b[38;5;12m|\u001b[0m\n\u001b[0m\u001b[1m\u001b[38;5;12m645\u001b[0m\u001b[0m \u001b[0m\u001b[0m\u001b[1m\u001b[38;5;12m|\u001b[0m\u001b[0m \u001b[0m\u001b[0m#[pyclass]\u001b[0m\n\u001b[0m    \u001b[0m\u001b[0m\u001b[1m\u001b[38;5;12m|\u001b[0m\u001b[0m \u001b[0m\u001b[0m\u001b[1m\u001b[38;5;9m^^^^^^^^^^\u001b[0m\u001b[0m \u001b[0m\u001b[0m\u001b[1m\u001b[38;5;9m`(dyn SequenceStorage + 'static)` cannot be sent between threads safely\u001b[0m\n\u001b[0m    \u001b[0m\u001b[0m\u001b[1m\u001b[38;5;12m|\u001b[0m\n\u001b[0m    \u001b[0m\u001b[0m\u001b[1m\u001b[38;5;12m= \u001b[0m\u001b[0m\u001b[1mhelp\u001b[0m\u001b[0m: the trait `Send` is not implemented for `(dyn SequenceStorage + 'static)`\u001b[0m\n\u001b[0m    \u001b[0m\u001b[0m\u001b[1m\u001b[38;5;12m= \u001b[0m\u001b[0m\u001b[1mnote\u001b[0m\u001b[0m: required for `Unique<(dyn SequenceStorage + 'static)>` to implement `Send`\u001b[0m\n\u001b[0m\u001b[1m\u001b[38;5;10mnote\u001b[0m\u001b[0m: required because it appears within the type `Box<(dyn SequenceStorage + 'static)>`\u001b[0m\n\u001b[0m   \u001b[0m\u001b[0m\u001b[1m\u001b[38;5;12m--> \u001b[0m\u001b[0m/rustc/4d91de4e48198da2e33413efdcd9cd2cc0c46688/library/alloc/src/boxed.rs:231:12\u001b[0m\n\u001b[0m\u001b[1m\u001b[38;5;10mnote\u001b[0m\u001b[0m: required because it appears within the type `PySequenceStorage`\u001b[0m\n\u001b[0m   \u001b[0m\u001b[0m\u001b[1m\u001b[38;5;12m--> \u001b[0m\u001b[0msrc/engines/core/memory.rs:647:12\u001b[0m\n\u001b[0m    \u001b[0m\u001b[0m\u001b[1m\u001b[38;5;12m|\u001b[0m\n\u001b[0m\u001b[1m\u001b[38;5;12m647\u001b[0m\u001b[0m \u001b[0m\u001b[0m\u001b[1m\u001b[38;5;12m|\u001b[0m\u001b[0m \u001b[0m\u001b[0mpub struct PySequenceStorage {\u001b[0m\n\u001b[0m    \u001b[0m\u001b[0m\u001b[1m\u001b[38;5;12m|\u001b[0m\u001b[0m            \u001b[0m\u001b[0m\u001b[1m\u001b[38;5;10m^^^^^^^^^^^^^^^^^\u001b[0m\n\u001b[0m\u001b[1m\u001b[38;5;10mnote\u001b[0m\u001b[0m: required by a bound in `ThreadCheckerStub`\u001b[0m\n\u001b[0m   \u001b[0m\u001b[0m\u001b[1m\u001b[38;5;12m--> \u001b[0m\u001b[0m/Users/xlx/.cargo/registry/src/index.crates.io-1949cf8c6b5b557f/pyo3-0.18.3/src/impl_/pyclass.rs:854:33\u001b[0m\n\u001b[0m    \u001b[0m\u001b[0m\u001b[1m\u001b[38;5;12m|\u001b[0m\n\u001b[0m\u001b[1m\u001b[38;5;12m854\u001b[0m\u001b[0m \u001b[0m\u001b[0m\u001b[1m\u001b[38;5;12m|\u001b[0m\u001b[0m \u001b[0m\u001b[0mpub struct ThreadCheckerStub<T: Send>(PhantomData<T>);\u001b[0m\n\u001b[0m    \u001b[0m\u001b[0m\u001b[1m\u001b[38;5;12m|\u001b[0m\u001b[0m                                 \u001b[0m\u001b[0m\u001b[1m\u001b[38;5;10m^^^^\u001b[0m\u001b[0m \u001b[0m\u001b[0m\u001b[1m\u001b[38;5;10mrequired by this bound in `ThreadCheckerStub`\u001b[0m\n\u001b[0m    \u001b[0m\u001b[0m\u001b[1m\u001b[38;5;12m= \u001b[0m\u001b[0m\u001b[1mnote\u001b[0m\u001b[0m: this error originates in the attribute macro `pyclass` (in Nightly builds, run with -Z macro-backtrace for more info)\u001b[0m\n\n"}
{"$message_type":"diagnostic","message":"mismatched types","code":{"code":"E0308","explanation":"Expected type did not match the received type.\n\nErroneous code examples:\n\n```compile_fail,E0308\nfn plus_one(x: i32) -> i32 {\n    x + 1\n}\n\nplus_one(\"Not a number\");\n//       ^^^^^^^^^^^^^^ expected `i32`, found `&str`\n\nif \"Not a bool\" {\n// ^^^^^^^^^^^^ expected `bool`, found `&str`\n}\n\nlet x: f32 = \"Not a float\";\n//     ---   ^^^^^^^^^^^^^ expected `f32`, found `&str`\n//     |\n//     expected due to this\n```\n\nThis error occurs when an expression was used in a place where the compiler\nexpected an expression of a different type. It can occur in several cases, the\nmost common being when calling a function and passing an argument which has a\ndifferent type than the matching type in the function declaration.\n"},"level":"error","spans":[{"file_name":"src/modules/seq/mod.rs","byte_start":102,"byte_end":112,"line_start":8,"line_end":8,"column_start":8,"column_end":18,"is_primary":true,"text":[{"text":"pub fn seq_module(_py: Python) -> PyResult<&PyModule> {","highlight_start":8,"highlight_end":18}],"label":"incorrect number of function parameters","suggested_replacement":null,"suggestion_applicability":null,"expansion":null},{"file_name":"src/modules/seq/mod.rs","byte_start":83,"byte_end":94,"line_start":7,"line_end":7,"column_start":1,"column_end":12,"is_primary":false,"text":[{"text":"#[pymodule]","highlight_start":1,"highlight_end":12}],"label":"arguments to this struct are incorrect","suggested_replacement":null,"suggestion_applicability":null,"expansion":{"span":{"file_name":"src/modules/seq/mod.rs","byte_start":83,"byte_end":94,"line_start":7,"line_end":7,"column_start":1,"column_end":12,"is_primary":false,"text":[{"text":"#[pymodule]","highlight_start":1,"highlight_end":12}],"label":null,"suggested_replacement":null,"suggestion_applicability":null,"expansion":null},"macro_decl_name":"#[pymodule]","def_site_span":{"file_name":"/Users/xlx/.cargo/registry/src/index.crates.io-1949cf8c6b5b557f/pyo3-macros-0.18.3/src/lib.rs","byte_start":1784,"byte_end":1853,"line_start":40,"line_end":40,"column_start":1,"column_end":70,"is_primary":false,"text":[{"text":"pub fn pymodule(args: TokenStream, input: TokenStream) -> TokenStream {","highlight_start":1,"highlight_end":70}],"label":null,"suggested_replacement":null,"suggestion_applicability":null,"expansion":null}}}],"children":[{"message":"expected fn pointer `for<'a, 'py> fn(pyo3::Python<'py>, &'a pyo3::prelude::PyModule) -> Result<(), _>`\n      found fn item `for<'a> fn(pyo3::Python<'a>) -> Result<&'a pyo3::prelude::PyModule, _> {seq_module}`","code":null,"level":"note","spans":[],"children":[],"rendered":null},{"message":"tuple struct defined here","code":null,"level":"note","spans":[{"file_name":"/Users/xlx/.cargo/registry/src/index.crates.io-1949cf8c6b5b557f/pyo3-0.18.3/src/impl_/pymodule.rs","byte_start":597,"byte_end":614,"line_start":19,"line_end":19,"column_start":12,"column_end":29,"is_primary":true,"text":[{"text":"pub struct ModuleInitializer(pub for<'py> fn(Python<'py>, &PyModule) -> PyResult<()>);","highlight_start":12,"highlight_end":29}],"label":null,"suggested_replacement":null,"suggestion_applicability":null,"expansion":null}],"children":[],"rendered":null}],"rendered":"\u001b[0m\u001b[1m\u001b[38;5;9merror[E0308]\u001b[0m\u001b[0m\u001b[1m: mismatched types\u001b[0m\n\u001b[0m  \u001b[0m\u001b[0m\u001b[1m\u001b[38;5;12m--> \u001b[0m\u001b[0msrc/modules/seq/mod.rs:8:8\u001b[0m\n\u001b[0m   \u001b[0m\u001b[0m\u001b[1m\u001b[38;5;12m|\u001b[0m\n\u001b[0m\u001b[1m\u001b[38;5;12m7\u001b[0m\u001b[0m  \u001b[0m\u001b[0m\u001b[1m\u001b[38;5;12m|\u001b[0m\u001b[0m \u001b[0m\u001b[0m#[pymodule]\u001b[0m\n\u001b[0m   \u001b[0m\u001b[0m\u001b[1m\u001b[38;5;12m|\u001b[0m\u001b[0m \u001b[0m\u001b[0m\u001b[1m\u001b[38;5;12m-----------\u001b[0m\u001b[0m \u001b[0m\u001b[0m\u001b[1m\u001b[38;5;12marguments to this struct are incorrect\u001b[0m\n\u001b[0m\u001b[1m\u001b[38;5;12m8\u001b[0m\u001b[0m  \u001b[0m\u001b[0m\u001b[1m\u001b[38;5;12m|\u001b[0m\u001b[0m \u001b[0m\u001b[0mpub fn seq_module(_py: Python) -> PyResult<&PyModule> {\u001b[0m\n\u001b[0m   \u001b[0m\u001b[0m\u001b[1m\u001b[38;5;12m|\u001b[0m\u001b[0m        \u001b[0m\u001b[0m\u001b[1m\u001b[38;5;9m^^^^^^^^^^\u001b[0m\u001b[0m \u001b[0m\u001b[0m\u001b[1m\u001b[38;5;9mincorrect number of function parameters\u001b[0m\n\u001b[0m   \u001b[0m\u001b[0m\u001b[1m\u001b[38;5;12m|\u001b[0m\n\u001b[0m   \u001b[0m\u001b[0m\u001b[1m\u001b[38;5;12m= \u001b[0m\u001b[0m\u001b[1mnote\u001b[0m\u001b[0m: expected fn pointer `\u001b[0m\u001b[0m\u001b[1m\u001b[35mfor<'a, 'py> \u001b[0m\u001b[0mfn(\u001b[0m\u001b[0m\u001b[1m\u001b[35mpyo3::Python<'py>, &'a pyo3::prelude::PyModule\u001b[0m\u001b[0m) -> Result<\u001b[0m\u001b[0m\u001b[1m\u001b[35m()\u001b[0m\u001b[0m, _>`\u001b[0m\n\u001b[0m                 found fn item `\u001b[0m\u001b[0m\u001b[1m\u001b[35mfor<'a> \u001b[0m\u001b[0mfn(\u001b[0m\u001b[0m\u001b[1m\u001b[35mpyo3::Python<'a>\u001b[0m\u001b[0m) -> Result<\u001b[0m\u001b[0m\u001b[1m\u001b[35m&'a pyo3::prelude::PyModule\u001b[0m\u001b[0m, _>\u001b[0m\u001b[0m\u001b[1m\u001b[35m {seq_module}\u001b[0m\u001b[0m`\u001b[0m\n\u001b[0m\u001b[1m\u001b[38;5;10mnote\u001b[0m\u001b[0m: tuple struct defined here\u001b[0m\n\u001b[0m  \u001b[0m\u001b[0m\u001b[1m\u001b[38;5;12m--> \u001b[0m\u001b[0m/Users/xlx/.cargo/registry/src/index.crates.io-1949cf8c6b5b557f/pyo3-0.18.3/src/impl_/pymodule.rs:19:12\u001b[0m\n\u001b[0m   \u001b[0m\u001b[0m\u001b[1m\u001b[38;5;12m|\u001b[0m\n\u001b[0m\u001b[1m\u001b[38;5;12m19\u001b[0m\u001b[0m \u001b[0m\u001b[0m\u001b[1m\u001b[38;5;12m|\u001b[0m\u001b[0m \u001b[0m\u001b[0mpub struct ModuleInitializer(pub for<'py> fn(Python<'py>, &PyModule) -> \u001b[0m\u001b[0m\u001b[1m\u001b[38;5;12m...\u001b[0m\n\u001b[0m   \u001b[0m\u001b[0m\u001b[1m\u001b[38;5;12m|\u001b[0m\u001b[0m            \u001b[0m\u001b[0m\u001b[1m\u001b[38;5;10m^^^^^^^^^^^^^^^^^\u001b[0m\n\n"}
{"$message_type":"diagnostic","message":"`?` couldn't convert the error to `MemoryError`","code":{"code":"E0277","explanation":"You tried to use a type which doesn't implement some trait in a place which\nexpected that trait.\n\nErroneous code example:\n\n```compile_fail,E0277\n// here we declare the Foo trait with a bar method\ntrait Foo {\n    fn bar(&self);\n}\n\n// we now declare a function which takes an object implementing the Foo trait\nfn some_func<T: Foo>(foo: T) {\n    foo.bar();\n}\n\nfn main() {\n    // we now call the method with the i32 type, which doesn't implement\n    // the Foo trait\n    some_func(5i32); // error: the trait bound `i32 : Foo` is not satisfied\n}\n```\n\nIn order to fix this error, verify that the type you're using does implement\nthe trait. Example:\n\n```\ntrait Foo {\n    fn bar(&self);\n}\n\n// we implement the trait on the i32 type\nimpl Foo for i32 {\n    fn bar(&self) {}\n}\n\nfn some_func<T: Foo>(foo: T) {\n    foo.bar(); // we can now use this method since i32 implements the\n               // Foo trait\n}\n\nfn main() {\n    some_func(5i32); // ok!\n}\n```\n\nOr in a generic context, an erroneous code example would look like:\n\n```compile_fail,E0277\nfn some_func<T>(foo: T) {\n    println!(\"{:?}\", foo); // error: the trait `core::fmt::Debug` is not\n                           //        implemented for the type `T`\n}\n\nfn main() {\n    // We now call the method with the i32 type,\n    // which *does* implement the Debug trait.\n    some_func(5i32);\n}\n```\n\nNote that the error here is in the definition of the generic function. Although\nwe only call it with a parameter that does implement `Debug`, the compiler\nstill rejects the function. It must work with all possible input types. In\norder to make this example compile, we need to restrict the generic type we're\naccepting:\n\n```\nuse std::fmt;\n\n// Restrict the input type to types that implement Debug.\nfn some_func<T: fmt::Debug>(foo: T) {\n    println!(\"{:?}\", foo);\n}\n\nfn main() {\n    // Calling the method is still fine, as i32 implements Debug.\n    some_func(5i32);\n\n    // This would fail to compile now:\n    // struct WithoutDebug;\n    // some_func(WithoutDebug);\n}\n```\n\nRust only looks at the signature of the called function, as such it must\nalready specify all requirements that will be used for every type parameter.\n"},"level":"error","spans":[{"file_name":"src/engines/core/memory.rs","byte_start":19654,"byte_end":19655,"line_start":623,"line_end":623,"column_start":35,"column_end":36,"is_primary":true,"text":[{"text":"        Ok(Py::new(py, py_storage)?.into_py(py))","highlight_start":35,"highlight_end":36}],"label":"the trait `From<pyo3::PyErr>` is not implemented for `MemoryError`","suggested_replacement":null,"suggestion_applicability":null,"expansion":{"span":{"file_name":"src/engines/core/memory.rs","byte_start":19654,"byte_end":19655,"line_start":623,"line_end":623,"column_start":35,"column_end":36,"is_primary":false,"text":[{"text":"        Ok(Py::new(py, py_storage)?.into_py(py))","highlight_start":35,"highlight_end":36}],"label":null,"suggested_replacement":null,"suggestion_applicability":null,"expansion":null},"macro_decl_name":"desugaring of operator `?`","def_site_span":{"file_name":"src/lib.rs","byte_start":0,"byte_end":0,"line_start":1,"line_end":1,"column_start":1,"column_end":1,"is_primary":false,"text":[],"label":null,"suggested_replacement":null,"suggestion_applicability":null,"expansion":null}}}],"children":[{"message":"the question mark operation (`?`) implicitly performs a conversion on the error value using the `From` trait","code":null,"level":"note","spans":[],"children":[],"rendered":null},{"message":"the trait `From<pyo3::PyErr>` is not implemented for `MemoryError`\nbut trait `From<std::io::Error>` is implemented for it","code":null,"level":"help","spans":[],"children":[],"rendered":null},{"message":"for that trait implementation, expected `std::io::Error`, found `pyo3::PyErr`","code":null,"level":"help","spans":[],"children":[],"rendered":null},{"message":"required for `Result<pyo3::Py<PyAny>, MemoryError>` to implement `FromResidual<Result<Infallible, pyo3::PyErr>>`","code":null,"level":"note","spans":[],"children":[],"rendered":null}],"rendered":"\u001b[0m\u001b[1m\u001b[38;5;9merror[E0277]\u001b[0m\u001b[0m\u001b[1m: `?` couldn't convert the error to `MemoryError`\u001b[0m\n\u001b[0m   \u001b[0m\u001b[0m\u001b[1m\u001b[38;5;12m--> \u001b[0m\u001b[0msrc/engines/core/memory.rs:623:35\u001b[0m\n\u001b[0m    \u001b[0m\u001b[0m\u001b[1m\u001b[38;5;12m|\u001b[0m\n\u001b[0m\u001b[1m\u001b[38;5;12m623\u001b[0m\u001b[0m \u001b[0m\u001b[0m\u001b[1m\u001b[38;5;12m|\u001b[0m\u001b[0m \u001b[0m\u001b[0m        Ok(Py::new(py, py_storage)?.into_py(py))\u001b[0m\n\u001b[0m    \u001b[0m\u001b[0m\u001b[1m\u001b[38;5;12m|\u001b[0m\u001b[0m                                   \u001b[0m\u001b[0m\u001b[1m\u001b[38;5;9m^\u001b[0m\u001b[0m \u001b[0m\u001b[0m\u001b[1m\u001b[38;5;9mthe trait `From<pyo3::PyErr>` is not implemented for `MemoryError`\u001b[0m\n\u001b[0m    \u001b[0m\u001b[0m\u001b[1m\u001b[38;5;12m|\u001b[0m\n\u001b[0m    \u001b[0m\u001b[0m\u001b[1m\u001b[38;5;12m= \u001b[0m\u001b[0m\u001b[1mnote\u001b[0m\u001b[0m: the question mark operation (`?`) implicitly performs a conversion on the error value using the `From` trait\u001b[0m\n\u001b[0m    \u001b[0m\u001b[0m\u001b[1m\u001b[38;5;12m= \u001b[0m\u001b[0m\u001b[1mhelp\u001b[0m\u001b[0m: the trait `From<\u001b[0m\u001b[0m\u001b[1m\u001b[35mpyo3::PyErr\u001b[0m\u001b[0m>` \u001b[0m\u001b[0m\u001b[1m\u001b[35mis not\u001b[0m\u001b[0m implemented for `MemoryError`\u001b[0m\n\u001b[0m            but trait `From<\u001b[0m\u001b[0m\u001b[1m\u001b[35mstd::io::Error\u001b[0m\u001b[0m>` \u001b[0m\u001b[0m\u001b[1m\u001b[35mis\u001b[0m\u001b[0m implemented for it\u001b[0m\n\u001b[0m    \u001b[0m\u001b[0m\u001b[1m\u001b[38;5;12m= \u001b[0m\u001b[0m\u001b[1mhelp\u001b[0m\u001b[0m: for that trait implementation, expected `\u001b[0m\u001b[0m\u001b[1m\u001b[35mstd::io::Error\u001b[0m\u001b[0m`, found `\u001b[0m\u001b[0m\u001b[1m\u001b[35mpyo3::PyErr\u001b[0m\u001b[0m`\u001b[0m\n\u001b[0m    \u001b[0m\u001b[0m\u001b[1m\u001b[38;5;12m= \u001b[0m\u001b[0m\u001b[1mnote\u001b[0m\u001b[0m: required for `Result<pyo3::Py<PyAny>, MemoryError>` to implement `FromResidual<Result<Infallible, pyo3::PyErr>>`\u001b[0m\n\n"}
{"$message_type":"diagnostic","message":"`?` couldn't convert the error to `MemoryError`","code":{"code":"E0277","explanation":"You tried to use a type which doesn't implement some trait in a place which\nexpected that trait.\n\nErroneous code example:\n\n```compile_fail,E0277\n// here we declare the Foo trait with a bar method\ntrait Foo {\n    fn bar(&self);\n}\n\n// we now declare a function which takes an object implementing the Foo trait\nfn some_func<T: Foo>(foo: T) {\n    foo.bar();\n}\n\nfn main() {\n    // we now call the method with the i32 type, which doesn't implement\n    // the Foo trait\n    some_func(5i32); // error: the trait bound `i32 : Foo` is not satisfied\n}\n```\n\nIn order to fix this error, verify that the type you're using does implement\nthe trait. Example:\n\n```\ntrait Foo {\n    fn bar(&self);\n}\n\n// we implement the trait on the i32 type\nimpl Foo for i32 {\n    fn bar(&self) {}\n}\n\nfn some_func<T: Foo>(foo: T) {\n    foo.bar(); // we can now use this method since i32 implements the\n               // Foo trait\n}\n\nfn main() {\n    some_func(5i32); // ok!\n}\n```\n\nOr in a generic context, an erroneous code example would look like:\n\n```compile_fail,E0277\nfn some_func<T>(foo: T) {\n    println!(\"{:?}\", foo); // error: the trait `core::fmt::Debug` is not\n                           //        implemented for the type `T`\n}\n\nfn main() {\n    // We now call the method with the i32 type,\n    // which *does* implement the Debug trait.\n    some_func(5i32);\n}\n```\n\nNote that the error here is in the definition of the generic function. Although\nwe only call it with a parameter that does implement `Debug`, the compiler\nstill rejects the function. It must work with all possible input types. In\norder to make this example compile, we need to restrict the generic type we're\naccepting:\n\n```\nuse std::fmt;\n\n// Restrict the input type to types that implement Debug.\nfn some_func<T: fmt::Debug>(foo: T) {\n    println!(\"{:?}\", foo);\n}\n\nfn main() {\n    // Calling the method is still fine, as i32 implements Debug.\n    some_func(5i32);\n\n    // This would fail to compile now:\n    // struct WithoutDebug;\n    // some_func(WithoutDebug);\n}\n```\n\nRust only looks at the signature of the called function, as such it must\nalready specify all requirements that will be used for every type parameter.\n"},"level":"error","spans":[{"file_name":"src/engines/core/memory.rs","byte_start":20208,"byte_end":20209,"line_start":640,"line_end":640,"column_start":35,"column_end":36,"is_primary":true,"text":[{"text":"        Ok(Py::new(py, py_storage)?.into_py(py))","highlight_start":35,"highlight_end":36}],"label":"the trait `From<pyo3::PyErr>` is not implemented for `MemoryError`","suggested_replacement":null,"suggestion_applicability":null,"expansion":{"span":{"file_name":"src/engines/core/memory.rs","byte_start":20208,"byte_end":20209,"line_start":640,"line_end":640,"column_start":35,"column_end":36,"is_primary":false,"text":[{"text":"        Ok(Py::new(py, py_storage)?.into_py(py))","highlight_start":35,"highlight_end":36}],"label":null,"suggested_replacement":null,"suggestion_applicability":null,"expansion":null},"macro_decl_name":"desugaring of operator `?`","def_site_span":{"file_name":"src/lib.rs","byte_start":0,"byte_end":0,"line_start":1,"line_end":1,"column_start":1,"column_end":1,"is_primary":false,"text":[],"label":null,"suggested_replacement":null,"suggestion_applicability":null,"expansion":null}}}],"children":[{"message":"the question mark operation (`?`) implicitly performs a conversion on the error value using the `From` trait","code":null,"level":"note","spans":[],"children":[],"rendered":null},{"message":"the trait `From<pyo3::PyErr>` is not implemented for `MemoryError`\nbut trait `From<std::io::Error>` is implemented for it","code":null,"level":"help","spans":[],"children":[],"rendered":null},{"message":"for that trait implementation, expected `std::io::Error`, found `pyo3::PyErr`","code":null,"level":"help","spans":[],"children":[],"rendered":null},{"message":"required for `Result<pyo3::Py<PyAny>, MemoryError>` to implement `FromResidual<Result<Infallible, pyo3::PyErr>>`","code":null,"level":"note","spans":[],"children":[],"rendered":null}],"rendered":"\u001b[0m\u001b[1m\u001b[38;5;9merror[E0277]\u001b[0m\u001b[0m\u001b[1m: `?` couldn't convert the error to `MemoryError`\u001b[0m\n\u001b[0m   \u001b[0m\u001b[0m\u001b[1m\u001b[38;5;12m--> \u001b[0m\u001b[0msrc/engines/core/memory.rs:640:35\u001b[0m\n\u001b[0m    \u001b[0m\u001b[0m\u001b[1m\u001b[38;5;12m|\u001b[0m\n\u001b[0m\u001b[1m\u001b[38;5;12m640\u001b[0m\u001b[0m \u001b[0m\u001b[0m\u001b[1m\u001b[38;5;12m|\u001b[0m\u001b[0m \u001b[0m\u001b[0m        Ok(Py::new(py, py_storage)?.into_py(py))\u001b[0m\n\u001b[0m    \u001b[0m\u001b[0m\u001b[1m\u001b[38;5;12m|\u001b[0m\u001b[0m                                   \u001b[0m\u001b[0m\u001b[1m\u001b[38;5;9m^\u001b[0m\u001b[0m \u001b[0m\u001b[0m\u001b[1m\u001b[38;5;9mthe trait `From<pyo3::PyErr>` is not implemented for `MemoryError`\u001b[0m\n\u001b[0m    \u001b[0m\u001b[0m\u001b[1m\u001b[38;5;12m|\u001b[0m\n\u001b[0m    \u001b[0m\u001b[0m\u001b[1m\u001b[38;5;12m= \u001b[0m\u001b[0m\u001b[1mnote\u001b[0m\u001b[0m: the question mark operation (`?`) implicitly performs a conversion on the error value using the `From` trait\u001b[0m\n\u001b[0m    \u001b[0m\u001b[0m\u001b[1m\u001b[38;5;12m= \u001b[0m\u001b[0m\u001b[1mhelp\u001b[0m\u001b[0m: the trait `From<\u001b[0m\u001b[0m\u001b[1m\u001b[35mpyo3::PyErr\u001b[0m\u001b[0m>` \u001b[0m\u001b[0m\u001b[1m\u001b[35mis not\u001b[0m\u001b[0m implemented for `MemoryError`\u001b[0m\n\u001b[0m            but trait `From<\u001b[0m\u001b[0m\u001b[1m\u001b[35mstd::io::Error\u001b[0m\u001b[0m>` \u001b[0m\u001b[0m\u001b[1m\u001b[35mis\u001b[0m\u001b[0m implemented for it\u001b[0m\n\u001b[0m    \u001b[0m\u001b[0m\u001b[1m\u001b[38;5;12m= \u001b[0m\u001b[0m\u001b[1mhelp\u001b[0m\u001b[0m: for that trait implementation, expected `\u001b[0m\u001b[0m\u001b[1m\u001b[35mstd::io::Error\u001b[0m\u001b[0m`, found `\u001b[0m\u001b[0m\u001b[1m\u001b[35mpyo3::PyErr\u001b[0m\u001b[0m`\u001b[0m\n\u001b[0m    \u001b[0m\u001b[0m\u001b[1m\u001b[38;5;12m= \u001b[0m\u001b[0m\u001b[1mnote\u001b[0m\u001b[0m: required for `Result<pyo3::Py<PyAny>, MemoryError>` to implement `FromResidual<Result<Infallible, pyo3::PyErr>>`\u001b[0m\n\n"}
{"$message_type":"diagnostic","message":"`(dyn SequenceStorage + 'static)` doesn't implement `Debug`","code":{"code":"E0277","explanation":"You tried to use a type which doesn't implement some trait in a place which\nexpected that trait.\n\nErroneous code example:\n\n```compile_fail,E0277\n// here we declare the Foo trait with a bar method\ntrait Foo {\n    fn bar(&self);\n}\n\n// we now declare a function which takes an object implementing the Foo trait\nfn some_func<T: Foo>(foo: T) {\n    foo.bar();\n}\n\nfn main() {\n    // we now call the method with the i32 type, which doesn't implement\n    // the Foo trait\n    some_func(5i32); // error: the trait bound `i32 : Foo` is not satisfied\n}\n```\n\nIn order to fix this error, verify that the type you're using does implement\nthe trait. Example:\n\n```\ntrait Foo {\n    fn bar(&self);\n}\n\n// we implement the trait on the i32 type\nimpl Foo for i32 {\n    fn bar(&self) {}\n}\n\nfn some_func<T: Foo>(foo: T) {\n    foo.bar(); // we can now use this method since i32 implements the\n               // Foo trait\n}\n\nfn main() {\n    some_func(5i32); // ok!\n}\n```\n\nOr in a generic context, an erroneous code example would look like:\n\n```compile_fail,E0277\nfn some_func<T>(foo: T) {\n    println!(\"{:?}\", foo); // error: the trait `core::fmt::Debug` is not\n                           //        implemented for the type `T`\n}\n\nfn main() {\n    // We now call the method with the i32 type,\n    // which *does* implement the Debug trait.\n    some_func(5i32);\n}\n```\n\nNote that the error here is in the definition of the generic function. Although\nwe only call it with a parameter that does implement `Debug`, the compiler\nstill rejects the function. It must work with all possible input types. In\norder to make this example compile, we need to restrict the generic type we're\naccepting:\n\n```\nuse std::fmt;\n\n// Restrict the input type to types that implement Debug.\nfn some_func<T: fmt::Debug>(foo: T) {\n    println!(\"{:?}\", foo);\n}\n\nfn main() {\n    // Calling the method is still fine, as i32 implements Debug.\n    some_func(5i32);\n\n    // This would fail to compile now:\n    // struct WithoutDebug;\n    // some_func(WithoutDebug);\n}\n```\n\nRust only looks at the signature of the called function, as such it must\nalready specify all requirements that will be used for every type parameter.\n"},"level":"error","spans":[{"file_name":"src/engines/core/memory.rs","byte_start":20331,"byte_end":20364,"line_start":648,"line_end":648,"column_start":5,"column_end":38,"is_primary":true,"text":[{"text":"    storage: Box<dyn SequenceStorage>,","highlight_start":5,"highlight_end":38}],"label":"`(dyn SequenceStorage + 'static)` cannot be formatted using `{:?}` because it doesn't implement `Debug`","suggested_replacement":null,"suggestion_applicability":null,"expansion":{"span":{"file_name":"src/engines/core/memory.rs","byte_start":20288,"byte_end":20293,"line_start":646,"line_end":646,"column_start":10,"column_end":15,"is_primary":false,"text":[{"text":"#[derive(Debug)]","highlight_start":10,"highlight_end":15}],"label":null,"suggested_replacement":null,"suggestion_applicability":null,"expansion":null},"macro_decl_name":"#[derive(Debug)]","def_site_span":{"file_name":"/rustc/4d91de4e48198da2e33413efdcd9cd2cc0c46688/library/core/src/fmt/mod.rs","byte_start":32468,"byte_end":32483,"line_start":901,"line_end":901,"column_start":5,"column_end":20,"is_primary":false,"text":[],"label":null,"suggested_replacement":null,"suggestion_applicability":null,"expansion":null}}}],"children":[{"message":"the trait `Debug` is not implemented for `(dyn SequenceStorage + 'static)`","code":null,"level":"help","spans":[],"children":[],"rendered":null},{"message":"the following other types implement trait `Debug`:\n  dyn Any + Send + Sync\n  dyn Any + Send\n  dyn Any","code":null,"level":"help","spans":[],"children":[],"rendered":null}],"rendered":"\u001b[0m\u001b[1m\u001b[38;5;9merror[E0277]\u001b[0m\u001b[0m\u001b[1m: `(dyn SequenceStorage + 'static)` doesn't implement `Debug`\u001b[0m\n\u001b[0m   \u001b[0m\u001b[0m\u001b[1m\u001b[38;5;12m--> \u001b[0m\u001b[0msrc/engines/core/memory.rs:648:5\u001b[0m\n\u001b[0m    \u001b[0m\u001b[0m\u001b[1m\u001b[38;5;12m|\u001b[0m\n\u001b[0m\u001b[1m\u001b[38;5;12m646\u001b[0m\u001b[0m \u001b[0m\u001b[0m\u001b[1m\u001b[38;5;12m|\u001b[0m\u001b[0m \u001b[0m\u001b[0m#[derive(Debug)]\u001b[0m\n\u001b[0m    \u001b[0m\u001b[0m\u001b[1m\u001b[38;5;12m|\u001b[0m\u001b[0m          \u001b[0m\u001b[0m\u001b[1m\u001b[38;5;12m-----\u001b[0m\u001b[0m \u001b[0m\u001b[0m\u001b[1m\u001b[38;5;12min this derive macro expansion\u001b[0m\n\u001b[0m\u001b[1m\u001b[38;5;12m647\u001b[0m\u001b[0m \u001b[0m\u001b[0m\u001b[1m\u001b[38;5;12m|\u001b[0m\u001b[0m \u001b[0m\u001b[0mpub struct PySequenceStorage {\u001b[0m\n\u001b[0m\u001b[1m\u001b[38;5;12m648\u001b[0m\u001b[0m \u001b[0m\u001b[0m\u001b[1m\u001b[38;5;12m|\u001b[0m\u001b[0m \u001b[0m\u001b[0m    storage: Box<dyn SequenceStorage>,\u001b[0m\n\u001b[0m    \u001b[0m\u001b[0m\u001b[1m\u001b[38;5;12m|\u001b[0m\u001b[0m     \u001b[0m\u001b[0m\u001b[1m\u001b[38;5;9m^^^^^^^^^^^^^^^^^^^^^^^^^^^^^^^^^\u001b[0m\u001b[0m \u001b[0m\u001b[0m\u001b[1m\u001b[38;5;9m`(dyn SequenceStorage + 'static)` cannot be formatted using `{:?}` because it doesn't implement `Debug`\u001b[0m\n\u001b[0m    \u001b[0m\u001b[0m\u001b[1m\u001b[38;5;12m|\u001b[0m\n\u001b[0m    \u001b[0m\u001b[0m\u001b[1m\u001b[38;5;12m= \u001b[0m\u001b[0m\u001b[1mhelp\u001b[0m\u001b[0m: the trait `Debug` is not implemented for `(dyn SequenceStorage + 'static)`\u001b[0m\n\u001b[0m    \u001b[0m\u001b[0m\u001b[1m\u001b[38;5;12m= \u001b[0m\u001b[0m\u001b[1mhelp\u001b[0m\u001b[0m: the following other types implement trait `Debug`:\u001b[0m\n\u001b[0m              dyn Any + Send + Sync\u001b[0m\n\u001b[0m              dyn Any + Send\u001b[0m\n\u001b[0m              dyn Any\u001b[0m\n\u001b[0m    \u001b[0m\u001b[0m\u001b[1m\u001b[38;5;12m= \u001b[0m\u001b[0m\u001b[1mnote\u001b[0m\u001b[0m: this error originates in the derive macro `Debug` (in Nightly builds, run with -Z macro-backtrace for more info)\u001b[0m\n\n"}
{"$message_type":"diagnostic","message":"the trait bound `Box<dyn SequenceStorage>: PyFunctionArgument<'_, '_>` is not satisfied","code":{"code":"E0277","explanation":"You tried to use a type which doesn't implement some trait in a place which\nexpected that trait.\n\nErroneous code example:\n\n```compile_fail,E0277\n// here we declare the Foo trait with a bar method\ntrait Foo {\n    fn bar(&self);\n}\n\n// we now declare a function which takes an object implementing the Foo trait\nfn some_func<T: Foo>(foo: T) {\n    foo.bar();\n}\n\nfn main() {\n    // we now call the method with the i32 type, which doesn't implement\n    // the Foo trait\n    some_func(5i32); // error: the trait bound `i32 : Foo` is not satisfied\n}\n```\n\nIn order to fix this error, verify that the type you're using does implement\nthe trait. Example:\n\n```\ntrait Foo {\n    fn bar(&self);\n}\n\n// we implement the trait on the i32 type\nimpl Foo for i32 {\n    fn bar(&self) {}\n}\n\nfn some_func<T: Foo>(foo: T) {\n    foo.bar(); // we can now use this method since i32 implements the\n               // Foo trait\n}\n\nfn main() {\n    some_func(5i32); // ok!\n}\n```\n\nOr in a generic context, an erroneous code example would look like:\n\n```compile_fail,E0277\nfn some_func<T>(foo: T) {\n    println!(\"{:?}\", foo); // error: the trait `core::fmt::Debug` is not\n                           //        implemented for the type `T`\n}\n\nfn main() {\n    // We now call the method with the i32 type,\n    // which *does* implement the Debug trait.\n    some_func(5i32);\n}\n```\n\nNote that the error here is in the definition of the generic function. Although\nwe only call it with a parameter that does implement `Debug`, the compiler\nstill rejects the function. It must work with all possible input types. In\norder to make this example compile, we need to restrict the generic type we're\naccepting:\n\n```\nuse std::fmt;\n\n// Restrict the input type to types that implement Debug.\nfn some_func<T: fmt::Debug>(foo: T) {\n    println!(\"{:?}\", foo);\n}\n\nfn main() {\n    // Calling the method is still fine, as i32 implements Debug.\n    some_func(5i32);\n\n    // This would fail to compile now:\n    // struct WithoutDebug;\n    // some_func(WithoutDebug);\n}\n```\n\nRust only looks at the signature of the called function, as such it must\nalready specify all requirements that will be used for every type parameter.\n"},"level":"error","spans":[{"file_name":"src/engines/core/memory.rs","byte_start":20438,"byte_end":20441,"line_start":654,"line_end":654,"column_start":21,"column_end":24,"is_primary":true,"text":[{"text":"    fn new(storage: Box<dyn SequenceStorage>) -> Self {","highlight_start":21,"highlight_end":24}],"label":"the trait `PyClass` is not implemented for `Box<dyn SequenceStorage>`","suggested_replacement":null,"suggestion_applicability":null,"expansion":null}],"children":[{"message":"the following other types implement trait `PyClass`:\n  AlphabetType\n  CompactDnaStorage\n  CompactProteinStorage\n  MmapSequenceStorage\n  PySequenceStorage\n  StringSequenceStorage","code":null,"level":"help","spans":[],"children":[],"rendered":null},{"message":"required for `Box<dyn SequenceStorage>` to implement `pyo3::FromPyObject<'_>`","code":null,"level":"note","spans":[],"children":[],"rendered":null},{"message":"required for `Box<dyn SequenceStorage>` to implement `PyFunctionArgument<'_, '_>`","code":null,"level":"note","spans":[],"children":[],"rendered":null},{"message":"required by a bound in `extract_argument`","code":null,"level":"note","spans":[{"file_name":"/Users/xlx/.cargo/registry/src/index.crates.io-1949cf8c6b5b557f/pyo3-0.18.3/src/impl_/extract_argument.rs","byte_start":2296,"byte_end":2312,"line_start":80,"line_end":80,"column_start":8,"column_end":24,"is_primary":false,"text":[{"text":"pub fn extract_argument<'a, 'py, T>(","highlight_start":8,"highlight_end":24}],"label":"required by a bound in this function","suggested_replacement":null,"suggestion_applicability":null,"expansion":null},{"file_name":"/Users/xlx/.cargo/registry/src/index.crates.io-1949cf8c6b5b557f/pyo3-0.18.3/src/impl_/extract_argument.rs","byte_start":2428,"byte_end":2455,"line_start":86,"line_end":86,"column_start":8,"column_end":35,"is_primary":true,"text":[{"text":"    T: PyFunctionArgument<'a, 'py>,","highlight_start":8,"highlight_end":35}],"label":"required by this bound in `extract_argument`","suggested_replacement":null,"suggestion_applicability":null,"expansion":null}],"children":[],"rendered":null}],"rendered":"\u001b[0m\u001b[1m\u001b[38;5;9merror[E0277]\u001b[0m\u001b[0m\u001b[1m: the trait bound `Box<dyn SequenceStorage>: PyFunctionArgument<'_, '_>` is not satisfied\u001b[0m\n\u001b[0m   \u001b[0m\u001b[0m\u001b[1m\u001b[38;5;12m--> \u001b[0m\u001b[0msrc/engines/core/memory.rs:654:21\u001b[0m\n\u001b[0m    \u001b[0m\u001b[0m\u001b[1m\u001b[38;5;12m|\u001b[0m\n\u001b[0m\u001b[1m\u001b[38;5;12m654\u001b[0m\u001b[0m \u001b[0m\u001b[0m\u001b[1m\u001b[38;5;12m|\u001b[0m\u001b[0m \u001b[0m\u001b[0m    fn new(storage: Box<dyn SequenceStorage>) -> Self {\u001b[0m\n\u001b[0m    \u001b[0m\u001b[0m\u001b[1m\u001b[38;5;12m|\u001b[0m\u001b[0m                     \u001b[0m\u001b[0m\u001b[1m\u001b[38;5;9m^^^\u001b[0m\u001b[0m \u001b[0m\u001b[0m\u001b[1m\u001b[38;5;9mthe trait `PyClass` is not implemented for `Box<dyn SequenceStorage>`\u001b[0m\n\u001b[0m    \u001b[0m\u001b[0m\u001b[1m\u001b[38;5;12m|\u001b[0m\n\u001b[0m    \u001b[0m\u001b[0m\u001b[1m\u001b[38;5;12m= \u001b[0m\u001b[0m\u001b[1mhelp\u001b[0m\u001b[0m: the following other types implement trait `PyClass`:\u001b[0m\n\u001b[0m              AlphabetType\u001b[0m\n\u001b[0m              CompactDnaStorage\u001b[0m\n\u001b[0m              CompactProteinStorage\u001b[0m\n\u001b[0m              MmapSequenceStorage\u001b[0m\n\u001b[0m              PySequenceStorage\u001b[0m\n\u001b[0m              StringSequenceStorage\u001b[0m\n\u001b[0m    \u001b[0m\u001b[0m\u001b[1m\u001b[38;5;12m= \u001b[0m\u001b[0m\u001b[1mnote\u001b[0m\u001b[0m: required for `Box<dyn SequenceStorage>` to implement `pyo3::FromPyObject<'_>`\u001b[0m\n\u001b[0m    \u001b[0m\u001b[0m\u001b[1m\u001b[38;5;12m= \u001b[0m\u001b[0m\u001b[1mnote\u001b[0m\u001b[0m: required for `Box<dyn SequenceStorage>` to implement `PyFunctionArgument<'_, '_>`\u001b[0m\n\u001b[0m\u001b[1m\u001b[38;5;10mnote\u001b[0m\u001b[0m: required by a bound in `extract_argument`\u001b[0m\n\u001b[0m   \u001b[0m\u001b[0m\u001b[1m\u001b[38;5;12m--> \u001b[0m\u001b[0m/Users/xlx/.cargo/registry/src/index.crates.io-1949cf8c6b5b557f/pyo3-0.18.3/src/impl_/extract_argument.rs:86:8\u001b[0m\n\u001b[0m    \u001b[0m\u001b[0m\u001b[1m\u001b[38;5;12m|\u001b[0m\n\u001b[0m\u001b[1m\u001b[38;5;12m80\u001b[0m\u001b[0m  \u001b[0m\u001b[0m\u001b[1m\u001b[38;5;12m|\u001b[0m\u001b[0m \u001b[0m\u001b[0mpub fn extract_argument<'a, 'py, T>(\u001b[0m\n\u001b[0m    \u001b[0m\u001b[0m\u001b[1m\u001b[38;5;12m|\u001b[0m\u001b[0m        \u001b[0m\u001b[0m\u001b[1m\u001b[38;5;12m----------------\u001b[0m\u001b[0m \u001b[0m\u001b[0m\u001b[1m\u001b[38;5;12mrequired by a bound in this function\u001b[0m\n\u001b[0m\u001b[1m\u001b[38;5;12m...\u001b[0m\n\u001b[0m\u001b[1m\u001b[38;5;12m86\u001b[0m\u001b[0m  \u001b[0m\u001b[0m\u001b[1m\u001b[38;5;12m|\u001b[0m\u001b[0m \u001b[0m\u001b[0m    T: PyFunctionArgument<'a, 'py>,\u001b[0m\n\u001b[0m    \u001b[0m\u001b[0m\u001b[1m\u001b[38;5;12m|\u001b[0m\u001b[0m        \u001b[0m\u001b[0m\u001b[1m\u001b[38;5;10m^^^^^^^^^^^^^^^^^^^^^^^^^^^\u001b[0m\u001b[0m \u001b[0m\u001b[0m\u001b[1m\u001b[38;5;10mrequired by this bound in `extract_argument`\u001b[0m\n\n"}
{"$message_type":"diagnostic","message":"the trait bound `dyn SequenceStorage: Clone` is not satisfied","code":{"code":"E0277","explanation":"You tried to use a type which doesn't implement some trait in a place which\nexpected that trait.\n\nErroneous code example:\n\n```compile_fail,E0277\n// here we declare the Foo trait with a bar method\ntrait Foo {\n    fn bar(&self);\n}\n\n// we now declare a function which takes an object implementing the Foo trait\nfn some_func<T: Foo>(foo: T) {\n    foo.bar();\n}\n\nfn main() {\n    // we now call the method with the i32 type, which doesn't implement\n    // the Foo trait\n    some_func(5i32); // error: the trait bound `i32 : Foo` is not satisfied\n}\n```\n\nIn order to fix this error, verify that the type you're using does implement\nthe trait. Example:\n\n```\ntrait Foo {\n    fn bar(&self);\n}\n\n// we implement the trait on the i32 type\nimpl Foo for i32 {\n    fn bar(&self) {}\n}\n\nfn some_func<T: Foo>(foo: T) {\n    foo.bar(); // we can now use this method since i32 implements the\n               // Foo trait\n}\n\nfn main() {\n    some_func(5i32); // ok!\n}\n```\n\nOr in a generic context, an erroneous code example would look like:\n\n```compile_fail,E0277\nfn some_func<T>(foo: T) {\n    println!(\"{:?}\", foo); // error: the trait `core::fmt::Debug` is not\n                           //        implemented for the type `T`\n}\n\nfn main() {\n    // We now call the method with the i32 type,\n    // which *does* implement the Debug trait.\n    some_func(5i32);\n}\n```\n\nNote that the error here is in the definition of the generic function. Although\nwe only call it with a parameter that does implement `Debug`, the compiler\nstill rejects the function. It must work with all possible input types. In\norder to make this example compile, we need to restrict the generic type we're\naccepting:\n\n```\nuse std::fmt;\n\n// Restrict the input type to types that implement Debug.\nfn some_func<T: fmt::Debug>(foo: T) {\n    println!(\"{:?}\", foo);\n}\n\nfn main() {\n    // Calling the method is still fine, as i32 implements Debug.\n    some_func(5i32);\n\n    // This would fail to compile now:\n    // struct WithoutDebug;\n    // some_func(WithoutDebug);\n}\n```\n\nRust only looks at the signature of the called function, as such it must\nalready specify all requirements that will be used for every type parameter.\n"},"level":"error","spans":[{"file_name":"src/engines/core/memory.rs","byte_start":20438,"byte_end":20441,"line_start":654,"line_end":654,"column_start":21,"column_end":24,"is_primary":true,"text":[{"text":"    fn new(storage: Box<dyn SequenceStorage>) -> Self {","highlight_start":21,"highlight_end":24}],"label":"the trait `Clone` is not implemented for `dyn SequenceStorage`","suggested_replacement":null,"suggestion_applicability":null,"expansion":null}],"children":[{"message":"the following other types implement trait `PyFunctionArgument<'a, 'py>`:\n  &'a AlphabetType\n  &'a CompactDnaStorage\n  &'a CompactProteinStorage\n  &'a MmapSequenceStorage\n  &'a PySequenceStorage\n  &'a StringSequenceStorage\n  &'a mut AlphabetType\n  &'a mut CompactDnaStorage\nand 4 others","code":null,"level":"help","spans":[],"children":[],"rendered":null},{"message":"required for `Box<dyn SequenceStorage>` to implement `Clone`","code":null,"level":"note","spans":[],"children":[],"rendered":null},{"message":"required for `Box<dyn SequenceStorage>` to implement `pyo3::FromPyObject<'_>`","code":null,"level":"note","spans":[],"children":[],"rendered":null},{"message":"required for `Box<dyn SequenceStorage>` to implement `PyFunctionArgument<'_, '_>`","code":null,"level":"note","spans":[],"children":[],"rendered":null},{"message":"required by a bound in `extract_argument`","code":null,"level":"note","spans":[{"file_name":"/Users/xlx/.cargo/registry/src/index.crates.io-1949cf8c6b5b557f/pyo3-0.18.3/src/impl_/extract_argument.rs","byte_start":2296,"byte_end":2312,"line_start":80,"line_end":80,"column_start":8,"column_end":24,"is_primary":false,"text":[{"text":"pub fn extract_argument<'a, 'py, T>(","highlight_start":8,"highlight_end":24}],"label":"required by a bound in this function","suggested_replacement":null,"suggestion_applicability":null,"expansion":null},{"file_name":"/Users/xlx/.cargo/registry/src/index.crates.io-1949cf8c6b5b557f/pyo3-0.18.3/src/impl_/extract_argument.rs","byte_start":2428,"byte_end":2455,"line_start":86,"line_end":86,"column_start":8,"column_end":35,"is_primary":true,"text":[{"text":"    T: PyFunctionArgument<'a, 'py>,","highlight_start":8,"highlight_end":35}],"label":"required by this bound in `extract_argument`","suggested_replacement":null,"suggestion_applicability":null,"expansion":null}],"children":[],"rendered":null}],"rendered":"\u001b[0m\u001b[1m\u001b[38;5;9merror[E0277]\u001b[0m\u001b[0m\u001b[1m: the trait bound `dyn SequenceStorage: Clone` is not satisfied\u001b[0m\n\u001b[0m   \u001b[0m\u001b[0m\u001b[1m\u001b[38;5;12m--> \u001b[0m\u001b[0msrc/engines/core/memory.rs:654:21\u001b[0m\n\u001b[0m    \u001b[0m\u001b[0m\u001b[1m\u001b[38;5;12m|\u001b[0m\n\u001b[0m\u001b[1m\u001b[38;5;12m654\u001b[0m\u001b[0m \u001b[0m\u001b[0m\u001b[1m\u001b[38;5;12m|\u001b[0m\u001b[0m \u001b[0m\u001b[0m    fn new(storage: Box<dyn SequenceStorage>) -> Self {\u001b[0m\n\u001b[0m    \u001b[0m\u001b[0m\u001b[1m\u001b[38;5;12m|\u001b[0m\u001b[0m                     \u001b[0m\u001b[0m\u001b[1m\u001b[38;5;9m^^^\u001b[0m\u001b[0m \u001b[0m\u001b[0m\u001b[1m\u001b[38;5;9mthe trait `Clone` is not implemented for `dyn SequenceStorage`\u001b[0m\n\u001b[0m    \u001b[0m\u001b[0m\u001b[1m\u001b[38;5;12m|\u001b[0m\n\u001b[0m    \u001b[0m\u001b[0m\u001b[1m\u001b[38;5;12m= \u001b[0m\u001b[0m\u001b[1mhelp\u001b[0m\u001b[0m: the following other types implement trait `PyFunctionArgument<'a, 'py>`:\u001b[0m\n\u001b[0m              &'a AlphabetType\u001b[0m\n\u001b[0m              &'a CompactDnaStorage\u001b[0m\n\u001b[0m              &'a CompactProteinStorage\u001b[0m\n\u001b[0m              &'a MmapSequenceStorage\u001b[0m\n\u001b[0m              &'a PySequenceStorage\u001b[0m\n\u001b[0m              &'a StringSequenceStorage\u001b[0m\n\u001b[0m              &'a mut AlphabetType\u001b[0m\n\u001b[0m              &'a mut CompactDnaStorage\u001b[0m\n\u001b[0m            and 4 others\u001b[0m\n\u001b[0m    \u001b[0m\u001b[0m\u001b[1m\u001b[38;5;12m= \u001b[0m\u001b[0m\u001b[1mnote\u001b[0m\u001b[0m: required for `Box<dyn SequenceStorage>` to implement `Clone`\u001b[0m\n\u001b[0m    \u001b[0m\u001b[0m\u001b[1m\u001b[38;5;12m= \u001b[0m\u001b[0m\u001b[1mnote\u001b[0m\u001b[0m: required for `Box<dyn SequenceStorage>` to implement `pyo3::FromPyObject<'_>`\u001b[0m\n\u001b[0m    \u001b[0m\u001b[0m\u001b[1m\u001b[38;5;12m= \u001b[0m\u001b[0m\u001b[1mnote\u001b[0m\u001b[0m: required for `Box<dyn SequenceStorage>` to implement `PyFunctionArgument<'_, '_>`\u001b[0m\n\u001b[0m\u001b[1m\u001b[38;5;10mnote\u001b[0m\u001b[0m: required by a bound in `extract_argument`\u001b[0m\n\u001b[0m   \u001b[0m\u001b[0m\u001b[1m\u001b[38;5;12m--> \u001b[0m\u001b[0m/Users/xlx/.cargo/registry/src/index.crates.io-1949cf8c6b5b557f/pyo3-0.18.3/src/impl_/extract_argument.rs:86:8\u001b[0m\n\u001b[0m    \u001b[0m\u001b[0m\u001b[1m\u001b[38;5;12m|\u001b[0m\n\u001b[0m\u001b[1m\u001b[38;5;12m80\u001b[0m\u001b[0m  \u001b[0m\u001b[0m\u001b[1m\u001b[38;5;12m|\u001b[0m\u001b[0m \u001b[0m\u001b[0mpub fn extract_argument<'a, 'py, T>(\u001b[0m\n\u001b[0m    \u001b[0m\u001b[0m\u001b[1m\u001b[38;5;12m|\u001b[0m\u001b[0m        \u001b[0m\u001b[0m\u001b[1m\u001b[38;5;12m----------------\u001b[0m\u001b[0m \u001b[0m\u001b[0m\u001b[1m\u001b[38;5;12mrequired by a bound in this function\u001b[0m\n\u001b[0m\u001b[1m\u001b[38;5;12m...\u001b[0m\n\u001b[0m\u001b[1m\u001b[38;5;12m86\u001b[0m\u001b[0m  \u001b[0m\u001b[0m\u001b[1m\u001b[38;5;12m|\u001b[0m\u001b[0m \u001b[0m\u001b[0m    T: PyFunctionArgument<'a, 'py>,\u001b[0m\n\u001b[0m    \u001b[0m\u001b[0m\u001b[1m\u001b[38;5;12m|\u001b[0m\u001b[0m        \u001b[0m\u001b[0m\u001b[1m\u001b[38;5;10m^^^^^^^^^^^^^^^^^^^^^^^^^^^\u001b[0m\u001b[0m \u001b[0m\u001b[0m\u001b[1m\u001b[38;5;10mrequired by this bound in `extract_argument`\u001b[0m\n\n"}
{"$message_type":"diagnostic","message":"borrow of moved value: `mmap`","code":{"code":"E0382","explanation":"A variable was used after its contents have been moved elsewhere.\n\nErroneous code example:\n\n```compile_fail,E0382\nstruct MyStruct { s: u32 }\n\nfn main() {\n    let mut x = MyStruct{ s: 5u32 };\n    let y = x;\n    x.s = 6;\n    println!(\"{}\", x.s);\n}\n```\n\nSince `MyStruct` is a type that is not marked `Copy`, the data gets moved out\nof `x` when we set `y`. This is fundamental to Rust's ownership system: outside\nof workarounds like `Rc`, a value cannot be owned by more than one variable.\n\nSometimes we don't need to move the value. Using a reference, we can let another\nfunction borrow the value without changing its ownership. In the example below,\nwe don't actually have to move our string to `calculate_length`, we can give it\na reference to it with `&` instead.\n\n```\nfn main() {\n    let s1 = String::from(\"hello\");\n\n    let len = calculate_length(&s1);\n\n    println!(\"The length of '{}' is {}.\", s1, len);\n}\n\nfn calculate_length(s: &String) -> usize {\n    s.len()\n}\n```\n\nA mutable reference can be created with `&mut`.\n\nSometimes we don't want a reference, but a duplicate. All types marked `Clone`\ncan be duplicated by calling `.clone()`. Subsequent changes to a clone do not\naffect the original variable.\n\nMost types in the standard library are marked `Clone`. The example below\ndemonstrates using `clone()` on a string. `s1` is first set to \"many\", and then\ncopied to `s2`. Then the first character of `s1` is removed, without affecting\n`s2`. \"any many\" is printed to the console.\n\n```\nfn main() {\n    let mut s1 = String::from(\"many\");\n    let s2 = s1.clone();\n    s1.remove(0);\n    println!(\"{} {}\", s1, s2);\n}\n```\n\nIf we control the definition of a type, we can implement `Clone` on it ourselves\nwith `#[derive(Clone)]`.\n\nSome types have no ownership semantics at all and are trivial to duplicate. An\nexample is `i32` and the other number types. We don't have to call `.clone()` to\nclone them, because they are marked `Copy` in addition to `Clone`. Implicit\ncloning is more convenient in this case. We can mark our own types `Copy` if\nall their members also are marked `Copy`.\n\nIn the example below, we implement a `Point` type. Because it only stores two\nintegers, we opt-out of ownership semantics with `Copy`. Then we can\n`let p2 = p1` without `p1` being moved.\n\n```\n#[derive(Copy, Clone)]\nstruct Point { x: i32, y: i32 }\n\nfn main() {\n    let mut p1 = Point{ x: -1, y: 2 };\n    let p2 = p1;\n    p1.x = 1;\n    println!(\"p1: {}, {}\", p1.x, p1.y);\n    println!(\"p2: {}, {}\", p2.x, p2.y);\n}\n```\n\nAlternatively, if we don't control the struct's definition, or mutable shared\nownership is truly required, we can use `Rc` and `RefCell`:\n\n```\nuse std::cell::RefCell;\nuse std::rc::Rc;\n\nstruct MyStruct { s: u32 }\n\nfn main() {\n    let mut x = Rc::new(RefCell::new(MyStruct{ s: 5u32 }));\n    let y = x.clone();\n    x.borrow_mut().s = 6;\n    println!(\"{}\", x.borrow().s);\n}\n```\n\nWith this approach, x and y share ownership of the data via the `Rc` (reference\ncount type). `RefCell` essentially performs runtime borrow checking: ensuring\nthat at most one writer or multiple readers can access the data at any one time.\n\nIf you wish to learn more about ownership in Rust, start with the\n[Understanding Ownership][understanding-ownership] chapter in the Book.\n\n[understanding-ownership]: https://doc.rust-lang.org/book/ch04-00-understanding-ownership.html\n"},"level":"error","spans":[{"file_name":"src/engines/core/memory.rs","byte_start":14066,"byte_end":14070,"line_start":451,"line_end":451,"column_start":28,"column_end":32,"is_primary":false,"text":[{"text":"            mmap: Arc::new(mmap),","highlight_start":28,"highlight_end":32}],"label":"value moved here","suggested_replacement":null,"suggestion_applicability":null,"expansion":null},{"file_name":"src/engines/core/memory.rs","byte_start":14116,"byte_end":14126,"line_start":453,"line_end":453,"column_start":21,"column_end":31,"is_primary":true,"text":[{"text":"            length: mmap.len(),","highlight_start":21,"highlight_end":31}],"label":"value borrowed here after move","suggested_replacement":null,"suggestion_applicability":null,"expansion":null},{"file_name":"src/engines/core/memory.rs","byte_start":13947,"byte_end":13951,"line_start":448,"line_end":448,"column_start":13,"column_end":17,"is_primary":false,"text":[{"text":"        let mmap = unsafe { MmapOptions::new().map(&file)? };","highlight_start":13,"highlight_end":17}],"label":"move occurs because `mmap` has type `Mmap`, which does not implement the `Copy` trait","suggested_replacement":null,"suggestion_applicability":null,"expansion":null}],"children":[{"message":"borrow occurs due to deref coercion to `[u8]`","code":null,"level":"note","spans":[],"children":[],"rendered":null},{"message":"deref defined here","code":null,"level":"note","spans":[{"file_name":"/Users/xlx/.cargo/registry/src/index.crates.io-1949cf8c6b5b557f/memmap2-0.5.10/src/lib.rs","byte_start":21298,"byte_end":21309,"line_start":666,"line_end":666,"column_start":5,"column_end":16,"is_primary":true,"text":[{"text":"    type Target = [u8];","highlight_start":5,"highlight_end":16}],"label":null,"suggested_replacement":null,"suggestion_applicability":null,"expansion":null}],"children":[],"rendered":null}],"rendered":"\u001b[0m\u001b[1m\u001b[38;5;9merror[E0382]\u001b[0m\u001b[0m\u001b[1m: borrow of moved value: `mmap`\u001b[0m\n\u001b[0m   \u001b[0m\u001b[0m\u001b[1m\u001b[38;5;12m--> \u001b[0m\u001b[0msrc/engines/core/memory.rs:453:21\u001b[0m\n\u001b[0m    \u001b[0m\u001b[0m\u001b[1m\u001b[38;5;12m|\u001b[0m\n\u001b[0m\u001b[1m\u001b[38;5;12m448\u001b[0m\u001b[0m \u001b[0m\u001b[0m\u001b[1m\u001b[38;5;12m|\u001b[0m\u001b[0m \u001b[0m\u001b[0m        let mmap = unsafe { MmapOptions::new().map(&file)? };\u001b[0m\n\u001b[0m    \u001b[0m\u001b[0m\u001b[1m\u001b[38;5;12m|\u001b[0m\u001b[0m             \u001b[0m\u001b[0m\u001b[1m\u001b[38;5;12m----\u001b[0m\u001b[0m \u001b[0m\u001b[0m\u001b[1m\u001b[38;5;12mmove occurs because `mmap` has type `Mmap`, which does not implement the `Copy` trait\u001b[0m\n\u001b[0m\u001b[1m\u001b[38;5;12m...\u001b[0m\n\u001b[0m\u001b[1m\u001b[38;5;12m451\u001b[0m\u001b[0m \u001b[0m\u001b[0m\u001b[1m\u001b[38;5;12m|\u001b[0m\u001b[0m \u001b[0m\u001b[0m            mmap: Arc::new(mmap),\u001b[0m\n\u001b[0m    \u001b[0m\u001b[0m\u001b[1m\u001b[38;5;12m|\u001b[0m\u001b[0m                            \u001b[0m\u001b[0m\u001b[1m\u001b[38;5;12m----\u001b[0m\u001b[0m \u001b[0m\u001b[0m\u001b[1m\u001b[38;5;12mvalue moved here\u001b[0m\n\u001b[0m\u001b[1m\u001b[38;5;12m452\u001b[0m\u001b[0m \u001b[0m\u001b[0m\u001b[1m\u001b[38;5;12m|\u001b[0m\u001b[0m \u001b[0m\u001b[0m            offset: 0,\u001b[0m\n\u001b[0m\u001b[1m\u001b[38;5;12m453\u001b[0m\u001b[0m \u001b[0m\u001b[0m\u001b[1m\u001b[38;5;12m|\u001b[0m\u001b[0m \u001b[0m\u001b[0m            length: mmap.len(),\u001b[0m\n\u001b[0m    \u001b[0m\u001b[0m\u001b[1m\u001b[38;5;12m|\u001b[0m\u001b[0m                     \u001b[0m\u001b[0m\u001b[1m\u001b[38;5;9m^^^^^^^^^^\u001b[0m\u001b[0m \u001b[0m\u001b[0m\u001b[1m\u001b[38;5;9mvalue borrowed here after move\u001b[0m\n\u001b[0m    \u001b[0m\u001b[0m\u001b[1m\u001b[38;5;12m|\u001b[0m\n\u001b[0m    \u001b[0m\u001b[0m\u001b[1m\u001b[38;5;12m= \u001b[0m\u001b[0m\u001b[1mnote\u001b[0m\u001b[0m: borrow occurs due to deref coercion to `[u8]`\u001b[0m\n\u001b[0m\u001b[1m\u001b[38;5;10mnote\u001b[0m\u001b[0m: deref defined here\u001b[0m\n\u001b[0m   \u001b[0m\u001b[0m\u001b[1m\u001b[38;5;12m--> \u001b[0m\u001b[0m/Users/xlx/.cargo/registry/src/index.crates.io-1949cf8c6b5b557f/memmap2-0.5.10/src/lib.rs:666:5\u001b[0m\n\u001b[0m    \u001b[0m\u001b[0m\u001b[1m\u001b[38;5;12m|\u001b[0m\n\u001b[0m\u001b[1m\u001b[38;5;12m666\u001b[0m\u001b[0m \u001b[0m\u001b[0m\u001b[1m\u001b[38;5;12m|\u001b[0m\u001b[0m \u001b[0m\u001b[0m    type Target = [u8];\u001b[0m\n\u001b[0m    \u001b[0m\u001b[0m\u001b[1m\u001b[38;5;12m|\u001b[0m\u001b[0m     \u001b[0m\u001b[0m\u001b[1m\u001b[38;5;10m^^^^^^^^^^^\u001b[0m\n\n"}
{"$message_type":"diagnostic","message":"aborting due to 12 previous errors; 2 warnings emitted","code":null,"level":"error","spans":[],"children":[],"rendered":"\u001b[0m\u001b[1m\u001b[38;5;9merror\u001b[0m\u001b[0m\u001b[1m: aborting due to 12 previous errors; 2 warnings emitted\u001b[0m\n\n"}
{"$message_type":"diagnostic","message":"Some errors have detailed explanations: E0277, E0308, E0382, E0425, E0583.","code":null,"level":"failure-note","spans":[],"children":[],"rendered":"\u001b[0m\u001b[1mSome errors have detailed explanations: E0277, E0308, E0382, E0425, E0583.\u001b[0m\n"}
{"$message_type":"diagnostic","message":"For more information about an error, try `rustc --explain E0277`.","code":null,"level":"failure-note","spans":[],"children":[],"rendered":"\u001b[0m\u001b[1mFor more information about an error, try `rustc --explain E0277`.\u001b[0m\n"}
